[2024-09-27T18:26:32.486+0000] {local_task_job_runner.py:123} INFO - ::group::Pre task execution logs
[2024-09-27T18:26:32.505+0000] {taskinstance.py:2612} INFO - Dependencies all met for dep_context=non-requeueable deps ti=<TaskInstance: sparking_flow.clear_data manual__2024-09-27T18:26:26.395186+00:00 [queued]>
[2024-09-27T18:26:32.515+0000] {taskinstance.py:2612} INFO - Dependencies all met for dep_context=requeueable deps ti=<TaskInstance: sparking_flow.clear_data manual__2024-09-27T18:26:26.395186+00:00 [queued]>
[2024-09-27T18:26:32.516+0000] {taskinstance.py:2865} INFO - Starting attempt 1 of 1
[2024-09-27T18:26:32.533+0000] {taskinstance.py:2888} INFO - Executing <Task(SparkSubmitOperator): clear_data> on 2024-09-27 18:26:26.395186+00:00
[2024-09-27T18:26:32.539+0000] {warnings.py:112} WARNING - /home/***/.local/lib/python3.12/site-packages/***/task/task_runner/standard_task_runner.py:70: DeprecationWarning: This process (pid=73) is multi-threaded, use of fork() may lead to deadlocks in the child.
  pid = os.fork()

[2024-09-27T18:26:32.541+0000] {standard_task_runner.py:72} INFO - Started process 74 to run task
[2024-09-27T18:26:32.541+0000] {standard_task_runner.py:104} INFO - Running: ['***', 'tasks', 'run', 'sparking_flow', 'clear_data', 'manual__2024-09-27T18:26:26.395186+00:00', '--job-id', '142', '--raw', '--subdir', 'DAGS_FOLDER/spark_***.py', '--cfg-path', '/tmp/tmpkn8li4ui']
[2024-09-27T18:26:32.543+0000] {standard_task_runner.py:105} INFO - Job 142: Subtask clear_data
[2024-09-27T18:26:32.598+0000] {task_command.py:467} INFO - Running <TaskInstance: sparking_flow.clear_data manual__2024-09-27T18:26:26.395186+00:00 [running]> on host 15db728b339c
[2024-09-27T18:26:32.684+0000] {taskinstance.py:3131} INFO - Exporting env vars: AIRFLOW_CTX_DAG_OWNER='***' AIRFLOW_CTX_DAG_ID='sparking_flow' AIRFLOW_CTX_TASK_ID='clear_data' AIRFLOW_CTX_EXECUTION_DATE='2024-09-27T18:26:26.395186+00:00' AIRFLOW_CTX_TRY_NUMBER='1' AIRFLOW_CTX_DAG_RUN_ID='manual__2024-09-27T18:26:26.395186+00:00'
[2024-09-27T18:26:32.686+0000] {taskinstance.py:731} INFO - ::endgroup::
[2024-09-27T18:26:32.708+0000] {base.py:84} INFO - Retrieving connection 'spark-conn'
[2024-09-27T18:26:32.710+0000] {spark_submit.py:403} INFO - Spark-Submit cmd: spark-submit --master spark://spark-master:7077 --name arrow-spark --deploy-mode client jobs/python/clear_data.py
[2024-09-27T18:26:32.774+0000] {spark_submit.py:579} INFO - /home/***/.local/lib/python3.12/site-packages/pyspark/bin/load-spark-env.sh: line 68: ps: command not found
[2024-09-27T18:26:42.538+0000] {spark_submit.py:579} INFO - 24/09/27 18:26:42 INFO SparkContext: Running Spark version 3.5.2
[2024-09-27T18:26:42.548+0000] {spark_submit.py:579} INFO - 24/09/27 18:26:42 INFO SparkContext: OS info Linux, 5.15.153.1-microsoft-standard-WSL2, amd64
[2024-09-27T18:26:42.550+0000] {spark_submit.py:579} INFO - 24/09/27 18:26:42 INFO SparkContext: Java version 11
[2024-09-27T18:26:42.975+0000] {spark_submit.py:579} INFO - 24/09/27 18:26:42 WARN NativeCodeLoader: Unable to load native-hadoop library for your platform... using builtin-java classes where applicable
[2024-09-27T18:26:43.661+0000] {spark_submit.py:579} INFO - 24/09/27 18:26:43 INFO ResourceUtils: ==============================================================
[2024-09-27T18:26:43.662+0000] {spark_submit.py:579} INFO - 24/09/27 18:26:43 INFO ResourceUtils: No custom resources configured for spark.driver.
[2024-09-27T18:26:43.663+0000] {spark_submit.py:579} INFO - 24/09/27 18:26:43 INFO ResourceUtils: ==============================================================
[2024-09-27T18:26:43.664+0000] {spark_submit.py:579} INFO - 24/09/27 18:26:43 INFO SparkContext: Submitted application: My App
[2024-09-27T18:26:43.726+0000] {spark_submit.py:579} INFO - 24/09/27 18:26:43 INFO ResourceProfile: Default ResourceProfile created, executor resources: Map(memory -> name: memory, amount: 1024, script: , vendor: , offHeap -> name: offHeap, amount: 0, script: , vendor: ), task resources: Map(cpus -> name: cpus, amount: 1.0)
[2024-09-27T18:26:43.752+0000] {spark_submit.py:579} INFO - 24/09/27 18:26:43 INFO ResourceProfile: Limiting resource is cpu
[2024-09-27T18:26:43.754+0000] {spark_submit.py:579} INFO - 24/09/27 18:26:43 INFO ResourceProfileManager: Added ResourceProfile id: 0
[2024-09-27T18:26:43.984+0000] {spark_submit.py:579} INFO - 24/09/27 18:26:43 INFO SecurityManager: Changing view acls to: ***
[2024-09-27T18:26:43.986+0000] {spark_submit.py:579} INFO - 24/09/27 18:26:43 INFO SecurityManager: Changing modify acls to: ***
[2024-09-27T18:26:43.988+0000] {spark_submit.py:579} INFO - 24/09/27 18:26:43 INFO SecurityManager: Changing view acls groups to:
[2024-09-27T18:26:43.990+0000] {spark_submit.py:579} INFO - 24/09/27 18:26:43 INFO SecurityManager: Changing modify acls groups to:
[2024-09-27T18:26:43.991+0000] {spark_submit.py:579} INFO - 24/09/27 18:26:43 INFO SecurityManager: SecurityManager: authentication disabled; ui acls disabled; users with view permissions: ***; groups with view permissions: EMPTY; users with modify permissions: ***; groups with modify permissions: EMPTY
[2024-09-27T18:26:44.964+0000] {spark_submit.py:579} INFO - 24/09/27 18:26:44 INFO Utils: Successfully started service 'sparkDriver' on port 34935.
[2024-09-27T18:26:45.102+0000] {spark_submit.py:579} INFO - 24/09/27 18:26:45 INFO SparkEnv: Registering MapOutputTracker
[2024-09-27T18:26:45.249+0000] {spark_submit.py:579} INFO - 24/09/27 18:26:45 INFO SparkEnv: Registering BlockManagerMaster
[2024-09-27T18:26:45.307+0000] {spark_submit.py:579} INFO - 24/09/27 18:26:45 INFO BlockManagerMasterEndpoint: Using org.apache.spark.storage.DefaultTopologyMapper for getting topology information
[2024-09-27T18:26:45.309+0000] {spark_submit.py:579} INFO - 24/09/27 18:26:45 INFO BlockManagerMasterEndpoint: BlockManagerMasterEndpoint up
[2024-09-27T18:26:45.325+0000] {spark_submit.py:579} INFO - 24/09/27 18:26:45 INFO SparkEnv: Registering BlockManagerMasterHeartbeat
[2024-09-27T18:26:45.440+0000] {spark_submit.py:579} INFO - 24/09/27 18:26:45 INFO DiskBlockManager: Created local directory at /tmp/blockmgr-00032237-e272-4a63-a4b1-86f7be7c1f7a
[2024-09-27T18:26:45.488+0000] {spark_submit.py:579} INFO - 24/09/27 18:26:45 INFO MemoryStore: MemoryStore started with capacity 434.4 MiB
[2024-09-27T18:26:45.551+0000] {spark_submit.py:579} INFO - 24/09/27 18:26:45 INFO SparkEnv: Registering OutputCommitCoordinator
[2024-09-27T18:26:45.993+0000] {spark_submit.py:579} INFO - 24/09/27 18:26:45 INFO JettyUtils: Start Jetty 0.0.0.0:4040 for SparkUI
[2024-09-27T18:26:46.295+0000] {spark_submit.py:579} INFO - 24/09/27 18:26:46 INFO Utils: Successfully started service 'SparkUI' on port 4040.
[2024-09-27T18:26:46.438+0000] {spark_submit.py:579} INFO - 24/09/27 18:26:46 INFO SparkContext: Added JAR /opt/***/lib/postgresql-42.7.4.jar at spark://15db728b339c:34935/jars/postgresql-42.7.4.jar with timestamp 1727461602439
[2024-09-27T18:26:46.751+0000] {spark_submit.py:579} INFO - 24/09/27 18:26:46 INFO StandaloneAppClient$ClientEndpoint: Connecting to master spark://spark-master:7077...
[2024-09-27T18:26:47.540+0000] {spark_submit.py:579} INFO - 24/09/27 18:26:47 INFO TransportClientFactory: Successfully created connection to spark-master/172.20.0.3:7077 after 260 ms (0 ms spent in bootstraps)
[2024-09-27T18:26:49.610+0000] {spark_submit.py:579} INFO - 24/09/27 18:26:49 INFO StandaloneSchedulerBackend: Connected to Spark cluster with app ID app-20240927182648-0000
[2024-09-27T18:26:49.645+0000] {spark_submit.py:579} INFO - 24/09/27 18:26:49 INFO Utils: Successfully started service 'org.apache.spark.network.netty.NettyBlockTransferService' on port 45131.
[2024-09-27T18:26:49.647+0000] {spark_submit.py:579} INFO - 24/09/27 18:26:49 INFO NettyBlockTransferService: Server created on 15db728b339c:45131
[2024-09-27T18:26:49.654+0000] {spark_submit.py:579} INFO - 24/09/27 18:26:49 INFO BlockManager: Using org.apache.spark.storage.RandomBlockReplicationPolicy for block replication policy
[2024-09-27T18:26:49.707+0000] {spark_submit.py:579} INFO - 24/09/27 18:26:49 INFO BlockManagerMaster: Registering BlockManager BlockManagerId(driver, 15db728b339c, 45131, None)
[2024-09-27T18:26:49.728+0000] {spark_submit.py:579} INFO - 24/09/27 18:26:49 INFO BlockManagerMasterEndpoint: Registering block manager 15db728b339c:45131 with 434.4 MiB RAM, BlockManagerId(driver, 15db728b339c, 45131, None)
[2024-09-27T18:26:49.742+0000] {spark_submit.py:579} INFO - 24/09/27 18:26:49 INFO BlockManagerMaster: Registered BlockManager BlockManagerId(driver, 15db728b339c, 45131, None)
[2024-09-27T18:26:49.745+0000] {spark_submit.py:579} INFO - 24/09/27 18:26:49 INFO BlockManager: Initialized BlockManager: BlockManagerId(driver, 15db728b339c, 45131, None)
[2024-09-27T18:26:49.769+0000] {spark_submit.py:579} INFO - 24/09/27 18:26:49 INFO StandaloneAppClient$ClientEndpoint: Executor added: app-20240927182648-0000/0 on worker-20240927182445-172.20.0.7-38427 (172.20.0.7:38427) with 2 core(s)
[2024-09-27T18:26:49.774+0000] {spark_submit.py:579} INFO - 24/09/27 18:26:49 INFO StandaloneSchedulerBackend: Granted executor ID app-20240927182648-0000/0 on hostPort 172.20.0.7:38427 with 2 core(s), 1024.0 MiB RAM
[2024-09-27T18:26:50.214+0000] {spark_submit.py:579} INFO - 24/09/27 18:26:50 INFO StandaloneSchedulerBackend: SchedulerBackend is ready for scheduling beginning after reached minRegisteredResourcesRatio: 0.0
[2024-09-27T18:26:50.815+0000] {spark_submit.py:579} INFO - 24/09/27 18:26:50 INFO SharedState: Setting hive.metastore.warehouse.dir ('null') to the value of spark.sql.warehouse.dir.
[2024-09-27T18:26:50.833+0000] {spark_submit.py:579} INFO - 24/09/27 18:26:50 INFO SharedState: Warehouse path is 'file:/opt/***/spark-warehouse'.
[2024-09-27T18:26:51.687+0000] {spark_submit.py:579} INFO - 24/09/27 18:26:51 INFO StandaloneAppClient$ClientEndpoint: Executor updated: app-20240927182648-0000/0 is now RUNNING
[2024-09-27T18:26:53.375+0000] {spark_submit.py:579} INFO - Traceback (most recent call last):
[2024-09-27T18:26:53.376+0000] {spark_submit.py:579} INFO - File "/opt/***/jobs/python/clear_data.py", line 61, in <module>
[2024-09-27T18:26:53.379+0000] {spark_submit.py:579} INFO - clear_data()
[2024-09-27T18:26:53.380+0000] {spark_submit.py:579} INFO - File "/opt/***/jobs/python/clear_data.py", line 55, in clear_data
[2024-09-27T18:26:53.382+0000] {spark_submit.py:579} INFO - sales_df = spark.read.format("jdbc").options(**options).load()
[2024-09-27T18:26:53.383+0000] {spark_submit.py:579} INFO - ^^^^^^^^^^^^^^^^^^^^^^^^^^^^^^^^^^^^^^^^^^^^^^^^^^^
[2024-09-27T18:26:53.385+0000] {spark_submit.py:579} INFO - File "/home/***/.local/lib/python3.12/site-packages/pyspark/python/lib/pyspark.zip/pyspark/sql/readwriter.py", line 314, in load
[2024-09-27T18:26:53.392+0000] {spark_submit.py:579} INFO - File "/home/***/.local/lib/python3.12/site-packages/pyspark/python/lib/py4j-0.10.9.7-src.zip/py4j/java_gateway.py", line 1322, in __call__
[2024-09-27T18:26:53.394+0000] {spark_submit.py:579} INFO - File "/home/***/.local/lib/python3.12/site-packages/pyspark/python/lib/pyspark.zip/pyspark/errors/exceptions/captured.py", line 179, in deco
[2024-09-27T18:26:53.396+0000] {spark_submit.py:579} INFO - File "/home/***/.local/lib/python3.12/site-packages/pyspark/python/lib/py4j-0.10.9.7-src.zip/py4j/protocol.py", line 326, in get_return_value
[2024-09-27T18:26:53.398+0000] {spark_submit.py:579} INFO - py4j.protocol.Py4JJavaError: An error occurred while calling o36.load.
[2024-09-27T18:26:53.399+0000] {spark_submit.py:579} INFO - : java.lang.ClassNotFoundException: org.postgresql.Driver
[2024-09-27T18:26:53.400+0000] {spark_submit.py:579} INFO - at java.base/java.net.URLClassLoader.findClass(URLClassLoader.java:471)
[2024-09-27T18:26:53.401+0000] {spark_submit.py:579} INFO - at java.base/java.lang.ClassLoader.loadClass(ClassLoader.java:588)
[2024-09-27T18:26:53.403+0000] {spark_submit.py:579} INFO - at java.base/java.lang.ClassLoader.loadClass(ClassLoader.java:521)
[2024-09-27T18:26:53.405+0000] {spark_submit.py:579} INFO - at org.apache.spark.sql.execution.datasources.jdbc.DriverRegistry$.register(DriverRegistry.scala:46)
[2024-09-27T18:26:53.406+0000] {spark_submit.py:579} INFO - at org.apache.spark.sql.execution.datasources.jdbc.JDBCOptions.$anonfun$driverClass$1(JDBCOptions.scala:103)
[2024-09-27T18:26:53.407+0000] {spark_submit.py:579} INFO - at org.apache.spark.sql.execution.datasources.jdbc.JDBCOptions.$anonfun$driverClass$1$adapted(JDBCOptions.scala:103)
[2024-09-27T18:26:53.408+0000] {spark_submit.py:579} INFO - at scala.Option.foreach(Option.scala:407)
[2024-09-27T18:26:53.409+0000] {spark_submit.py:579} INFO - at org.apache.spark.sql.execution.datasources.jdbc.JDBCOptions.<init>(JDBCOptions.scala:103)
[2024-09-27T18:26:53.410+0000] {spark_submit.py:579} INFO - at org.apache.spark.sql.execution.datasources.jdbc.JDBCOptions.<init>(JDBCOptions.scala:41)
[2024-09-27T18:26:53.411+0000] {spark_submit.py:579} INFO - at org.apache.spark.sql.execution.datasources.jdbc.JdbcRelationProvider.createRelation(JdbcRelationProvider.scala:34)
[2024-09-27T18:26:53.412+0000] {spark_submit.py:579} INFO - at org.apache.spark.sql.execution.datasources.DataSource.resolveRelation(DataSource.scala:346)
[2024-09-27T18:26:53.413+0000] {spark_submit.py:579} INFO - at org.apache.spark.sql.DataFrameReader.loadV1Source(DataFrameReader.scala:229)
[2024-09-27T18:26:53.414+0000] {spark_submit.py:579} INFO - at org.apache.spark.sql.DataFrameReader.$anonfun$load$2(DataFrameReader.scala:211)
[2024-09-27T18:26:53.415+0000] {spark_submit.py:579} INFO - at scala.Option.getOrElse(Option.scala:189)
[2024-09-27T18:26:53.415+0000] {spark_submit.py:579} INFO - at org.apache.spark.sql.DataFrameReader.load(DataFrameReader.scala:211)
[2024-09-27T18:26:53.416+0000] {spark_submit.py:579} INFO - at org.apache.spark.sql.DataFrameReader.load(DataFrameReader.scala:172)
[2024-09-27T18:26:53.423+0000] {spark_submit.py:579} INFO - at java.base/jdk.internal.reflect.NativeMethodAccessorImpl.invoke0(Native Method)
[2024-09-27T18:26:53.424+0000] {spark_submit.py:579} INFO - at java.base/jdk.internal.reflect.NativeMethodAccessorImpl.invoke(NativeMethodAccessorImpl.java:62)
[2024-09-27T18:26:53.425+0000] {spark_submit.py:579} INFO - at java.base/jdk.internal.reflect.DelegatingMethodAccessorImpl.invoke(DelegatingMethodAccessorImpl.java:43)
[2024-09-27T18:26:53.426+0000] {spark_submit.py:579} INFO - at java.base/java.lang.reflect.Method.invoke(Method.java:566)
[2024-09-27T18:26:53.427+0000] {spark_submit.py:579} INFO - at py4j.reflection.MethodInvoker.invoke(MethodInvoker.java:244)
[2024-09-27T18:26:53.428+0000] {spark_submit.py:579} INFO - at py4j.reflection.ReflectionEngine.invoke(ReflectionEngine.java:374)
[2024-09-27T18:26:53.429+0000] {spark_submit.py:579} INFO - at py4j.Gateway.invoke(Gateway.java:282)
[2024-09-27T18:26:53.430+0000] {spark_submit.py:579} INFO - at py4j.commands.AbstractCommand.invokeMethod(AbstractCommand.java:132)
[2024-09-27T18:26:53.430+0000] {spark_submit.py:579} INFO - at py4j.commands.CallCommand.execute(CallCommand.java:79)
[2024-09-27T18:26:53.432+0000] {spark_submit.py:579} INFO - at py4j.ClientServerConnection.waitForCommands(ClientServerConnection.java:182)
[2024-09-27T18:26:53.433+0000] {spark_submit.py:579} INFO - at py4j.ClientServerConnection.run(ClientServerConnection.java:106)
[2024-09-27T18:26:53.434+0000] {spark_submit.py:579} INFO - at java.base/java.lang.Thread.run(Thread.java:834)
[2024-09-27T18:26:53.439+0000] {spark_submit.py:579} INFO - 
[2024-09-27T18:26:53.583+0000] {spark_submit.py:579} INFO - 24/09/27 18:26:53 INFO SparkContext: Invoking stop() from shutdown hook
[2024-09-27T18:26:53.584+0000] {spark_submit.py:579} INFO - 24/09/27 18:26:53 INFO SparkContext: SparkContext is stopping with exitCode 0.
[2024-09-27T18:26:53.614+0000] {spark_submit.py:579} INFO - 24/09/27 18:26:53 INFO SparkUI: Stopped Spark web UI at http://15db728b339c:4040
[2024-09-27T18:26:53.629+0000] {spark_submit.py:579} INFO - 24/09/27 18:26:53 INFO StandaloneSchedulerBackend: Shutting down all executors
[2024-09-27T18:26:53.640+0000] {spark_submit.py:579} INFO - 24/09/27 18:26:53 INFO StandaloneSchedulerBackend$StandaloneDriverEndpoint: Asking each executor to shut down
[2024-09-27T18:26:53.742+0000] {spark_submit.py:579} INFO - 24/09/27 18:26:53 INFO MapOutputTrackerMasterEndpoint: MapOutputTrackerMasterEndpoint stopped!
[2024-09-27T18:26:53.911+0000] {spark_submit.py:579} INFO - 24/09/27 18:26:53 INFO MemoryStore: MemoryStore cleared
[2024-09-27T18:26:53.912+0000] {spark_submit.py:579} INFO - 24/09/27 18:26:53 INFO BlockManager: BlockManager stopped
[2024-09-27T18:26:53.939+0000] {spark_submit.py:579} INFO - 24/09/27 18:26:53 INFO BlockManagerMaster: BlockManagerMaster stopped
[2024-09-27T18:26:53.945+0000] {spark_submit.py:579} INFO - 24/09/27 18:26:53 INFO OutputCommitCoordinator$OutputCommitCoordinatorEndpoint: OutputCommitCoordinator stopped!
[2024-09-27T18:26:53.971+0000] {spark_submit.py:579} INFO - 24/09/27 18:26:53 INFO SparkContext: Successfully stopped SparkContext
[2024-09-27T18:26:53.973+0000] {spark_submit.py:579} INFO - 24/09/27 18:26:53 INFO ShutdownHookManager: Shutdown hook called
[2024-09-27T18:26:53.974+0000] {spark_submit.py:579} INFO - 24/09/27 18:26:53 INFO ShutdownHookManager: Deleting directory /tmp/spark-db14ef57-9ced-4a22-9ec3-349c2f361d80/pyspark-6bfc8650-f50c-4766-a1f3-0db28b4847f7
[2024-09-27T18:26:53.992+0000] {spark_submit.py:579} INFO - 24/09/27 18:26:53 INFO ShutdownHookManager: Deleting directory /tmp/spark-db14ef57-9ced-4a22-9ec3-349c2f361d80
[2024-09-27T18:26:53.997+0000] {spark_submit.py:579} INFO - 24/09/27 18:26:53 INFO ShutdownHookManager: Deleting directory /tmp/spark-b0f2d780-56c7-4961-884f-853aa7909569
[2024-09-27T18:26:54.085+0000] {taskinstance.py:3310} ERROR - Task failed with exception
Traceback (most recent call last):
  File "/home/airflow/.local/lib/python3.12/site-packages/airflow/models/taskinstance.py", line 767, in _execute_task
    result = _execute_callable(context=context, **execute_callable_kwargs)
             ^^^^^^^^^^^^^^^^^^^^^^^^^^^^^^^^^^^^^^^^^^^^^^^^^^^^^^^^^^^^^
  File "/home/airflow/.local/lib/python3.12/site-packages/airflow/models/taskinstance.py", line 733, in _execute_callable
    return ExecutionCallableRunner(
           ^^^^^^^^^^^^^^^^^^^^^^^^
  File "/home/airflow/.local/lib/python3.12/site-packages/airflow/utils/operator_helpers.py", line 252, in run
    return self.func(*args, **kwargs)
           ^^^^^^^^^^^^^^^^^^^^^^^^^^
  File "/home/airflow/.local/lib/python3.12/site-packages/airflow/models/baseoperator.py", line 406, in wrapper
    return func(self, *args, **kwargs)
           ^^^^^^^^^^^^^^^^^^^^^^^^^^^
  File "/home/airflow/.local/lib/python3.12/site-packages/airflow/providers/apache/spark/operators/spark_submit.py", line 174, in execute
    self._hook.submit(self.application)
  File "/home/airflow/.local/lib/python3.12/site-packages/airflow/providers/apache/spark/hooks/spark_submit.py", line 505, in submit
    raise AirflowException(
airflow.exceptions.AirflowException: Cannot execute: spark-submit --master spark://spark-master:7077 --name arrow-spark --deploy-mode client jobs/python/clear_data.py. Error code is: 1.
[2024-09-27T18:26:54.106+0000] {taskinstance.py:1225} INFO - Marking task as FAILED. dag_id=sparking_flow, task_id=clear_data, run_id=manual__2024-09-27T18:26:26.395186+00:00, execution_date=20240927T182626, start_date=20240927T182632, end_date=20240927T182654
[2024-09-27T18:26:54.129+0000] {taskinstance.py:340} INFO - ::group::Post task execution logs
[2024-09-27T18:26:54.130+0000] {standard_task_runner.py:124} ERROR - Failed to execute job 142 for task clear_data (Cannot execute: spark-submit --master spark://spark-master:7077 --name arrow-spark --deploy-mode client jobs/python/clear_data.py. Error code is: 1.; 74)
Traceback (most recent call last):
  File "/home/airflow/.local/lib/python3.12/site-packages/airflow/task/task_runner/standard_task_runner.py", line 117, in _start_by_fork
    ret = args.func(args, dag=self.dag)
          ^^^^^^^^^^^^^^^^^^^^^^^^^^^^^
  File "/home/airflow/.local/lib/python3.12/site-packages/airflow/cli/cli_config.py", line 49, in command
    return func(*args, **kwargs)
           ^^^^^^^^^^^^^^^^^^^^^
  File "/home/airflow/.local/lib/python3.12/site-packages/airflow/utils/cli.py", line 115, in wrapper
    return f(*args, **kwargs)
           ^^^^^^^^^^^^^^^^^^
  File "/home/airflow/.local/lib/python3.12/site-packages/airflow/cli/commands/task_command.py", line 483, in task_run
    task_return_code = _run_task_by_selected_method(args, _dag, ti)
                       ^^^^^^^^^^^^^^^^^^^^^^^^^^^^^^^^^^^^^^^^^^^^
  File "/home/airflow/.local/lib/python3.12/site-packages/airflow/cli/commands/task_command.py", line 256, in _run_task_by_selected_method
    return _run_raw_task(args, ti)
           ^^^^^^^^^^^^^^^^^^^^^^^
  File "/home/airflow/.local/lib/python3.12/site-packages/airflow/cli/commands/task_command.py", line 341, in _run_raw_task
    return ti._run_raw_task(
           ^^^^^^^^^^^^^^^^^
  File "/home/airflow/.local/lib/python3.12/site-packages/airflow/utils/session.py", line 97, in wrapper
    return func(*args, session=session, **kwargs)
           ^^^^^^^^^^^^^^^^^^^^^^^^^^^^^^^^^^^^^^
  File "/home/airflow/.local/lib/python3.12/site-packages/airflow/models/taskinstance.py", line 3004, in _run_raw_task
    return _run_raw_task(
           ^^^^^^^^^^^^^^
  File "/home/airflow/.local/lib/python3.12/site-packages/airflow/models/taskinstance.py", line 273, in _run_raw_task
    TaskInstance._execute_task_with_callbacks(
  File "/home/airflow/.local/lib/python3.12/site-packages/airflow/models/taskinstance.py", line 3158, in _execute_task_with_callbacks
    result = self._execute_task(context, task_orig)
             ^^^^^^^^^^^^^^^^^^^^^^^^^^^^^^^^^^^^^^
  File "/home/airflow/.local/lib/python3.12/site-packages/airflow/models/taskinstance.py", line 3182, in _execute_task
    return _execute_task(self, context, task_orig)
           ^^^^^^^^^^^^^^^^^^^^^^^^^^^^^^^^^^^^^^^
  File "/home/airflow/.local/lib/python3.12/site-packages/airflow/models/taskinstance.py", line 767, in _execute_task
    result = _execute_callable(context=context, **execute_callable_kwargs)
             ^^^^^^^^^^^^^^^^^^^^^^^^^^^^^^^^^^^^^^^^^^^^^^^^^^^^^^^^^^^^^
  File "/home/airflow/.local/lib/python3.12/site-packages/airflow/models/taskinstance.py", line 733, in _execute_callable
    return ExecutionCallableRunner(
           ^^^^^^^^^^^^^^^^^^^^^^^^
  File "/home/airflow/.local/lib/python3.12/site-packages/airflow/utils/operator_helpers.py", line 252, in run
    return self.func(*args, **kwargs)
           ^^^^^^^^^^^^^^^^^^^^^^^^^^
  File "/home/airflow/.local/lib/python3.12/site-packages/airflow/models/baseoperator.py", line 406, in wrapper
    return func(self, *args, **kwargs)
           ^^^^^^^^^^^^^^^^^^^^^^^^^^^
  File "/home/airflow/.local/lib/python3.12/site-packages/airflow/providers/apache/spark/operators/spark_submit.py", line 174, in execute
    self._hook.submit(self.application)
  File "/home/airflow/.local/lib/python3.12/site-packages/airflow/providers/apache/spark/hooks/spark_submit.py", line 505, in submit
    raise AirflowException(
airflow.exceptions.AirflowException: Cannot execute: spark-submit --master spark://spark-master:7077 --name arrow-spark --deploy-mode client jobs/python/clear_data.py. Error code is: 1.
[2024-09-27T18:26:54.171+0000] {local_task_job_runner.py:266} INFO - Task exited with return code 1
[2024-09-27T18:26:54.196+0000] {taskinstance.py:3900} INFO - 0 downstream tasks scheduled from follow-on schedule check
[2024-09-27T18:26:54.200+0000] {local_task_job_runner.py:245} INFO - ::endgroup::
