[2024-09-27T11:53:45.135+0000] {local_task_job_runner.py:123} INFO - ::group::Pre task execution logs
[2024-09-27T11:53:45.159+0000] {taskinstance.py:2612} INFO - Dependencies all met for dep_context=non-requeueable deps ti=<TaskInstance: sparking_flow.start manual__2024-09-27T11:53:43.697960+00:00 [queued]>
[2024-09-27T11:53:45.171+0000] {taskinstance.py:2612} INFO - Dependencies all met for dep_context=requeueable deps ti=<TaskInstance: sparking_flow.start manual__2024-09-27T11:53:43.697960+00:00 [queued]>
[2024-09-27T11:53:45.172+0000] {taskinstance.py:2865} INFO - Starting attempt 1 of 1
[2024-09-27T11:53:45.191+0000] {taskinstance.py:2888} INFO - Executing <Task(PythonOperator): start> on 2024-09-27 11:53:43.697960+00:00
[2024-09-27T11:53:45.203+0000] {standard_task_runner.py:104} INFO - Running: ['***', 'tasks', 'run', 'sparking_flow', 'start', 'manual__2024-09-27T11:53:43.697960+00:00', '--job-id', '82', '--raw', '--subdir', 'DAGS_FOLDER/spark_***.py', '--cfg-path', '/tmp/tmpvd4jnxri']
[2024-09-27T11:53:45.204+0000] {standard_task_runner.py:105} INFO - Job 82: Subtask start
[2024-09-27T11:53:45.205+0000] {warnings.py:112} WARNING - /home/***/.local/lib/python3.12/site-packages/***/task/task_runner/standard_task_runner.py:70: DeprecationWarning: This process (pid=241) is multi-threaded, use of fork() may lead to deadlocks in the child.
  pid = os.fork()

[2024-09-27T11:53:45.206+0000] {standard_task_runner.py:72} INFO - Started process 242 to run task
[2024-09-27T11:53:45.261+0000] {task_command.py:467} INFO - Running <TaskInstance: sparking_flow.start manual__2024-09-27T11:53:43.697960+00:00 [running]> on host afb1a6b3c1a2
[2024-09-27T11:53:45.348+0000] {taskinstance.py:3131} INFO - Exporting env vars: AIRFLOW_CTX_DAG_OWNER='***' AIRFLOW_CTX_DAG_ID='sparking_flow' AIRFLOW_CTX_TASK_ID='start' AIRFLOW_CTX_EXECUTION_DATE='2024-09-27T11:53:43.697960+00:00' AIRFLOW_CTX_TRY_NUMBER='1' AIRFLOW_CTX_DAG_RUN_ID='manual__2024-09-27T11:53:43.697960+00:00'
[2024-09-27T11:53:45.349+0000] {taskinstance.py:731} INFO - ::endgroup::
[2024-09-27T11:53:46.416+0000] {python.py:240} INFO - Done. Returned value was: None
[2024-09-27T11:53:46.430+0000] {taskinstance.py:340} INFO - ::group::Post task execution logs
[2024-09-27T11:53:46.431+0000] {taskinstance.py:352} INFO - Marking task as SUCCESS. dag_id=sparking_flow, task_id=start, run_id=manual__2024-09-27T11:53:43.697960+00:00, execution_date=20240927T115343, start_date=20240927T115345, end_date=20240927T115346
[2024-09-27T11:53:46.472+0000] {local_task_job_runner.py:266} INFO - Task exited with return code 0
[2024-09-27T11:53:46.485+0000] {warnings.py:112} WARNING - /home/***/.local/lib/python3.12/site-packages/***/models/baseoperator.py:1378: AirflowProviderDeprecationWarning: Call to deprecated class PostgresOperator. (Please use `***.providers.common.sql.operators.sql.SQLExecuteQueryOperator`.Also, you can provide `hook_params={'schema': <database>}`.)
  result = cls.__new__(cls)

[2024-09-27T11:53:46.512+0000] {taskinstance.py:3900} INFO - 1 downstream tasks scheduled from follow-on schedule check
[2024-09-27T11:53:46.514+0000] {local_task_job_runner.py:245} INFO - ::endgroup::
