[2024-09-27T18:03:38.344+0000] {local_task_job_runner.py:123} INFO - ::group::Pre task execution logs
[2024-09-27T18:03:38.379+0000] {taskinstance.py:2612} INFO - Dependencies all met for dep_context=non-requeueable deps ti=<TaskInstance: sparking_flow.create_temp_pg_table manual__2024-09-27T18:03:35.951326+00:00 [queued]>
[2024-09-27T18:03:38.395+0000] {taskinstance.py:2612} INFO - Dependencies all met for dep_context=requeueable deps ti=<TaskInstance: sparking_flow.create_temp_pg_table manual__2024-09-27T18:03:35.951326+00:00 [queued]>
[2024-09-27T18:03:38.398+0000] {taskinstance.py:2865} INFO - Starting attempt 1 of 1
[2024-09-27T18:03:38.435+0000] {taskinstance.py:2888} INFO - Executing <Task(PostgresOperator): create_temp_pg_table> on 2024-09-27 18:03:35.951326+00:00
[2024-09-27T18:03:38.448+0000] {warnings.py:112} WARNING - /home/***/.local/lib/python3.12/site-packages/***/task/task_runner/standard_task_runner.py:70: DeprecationWarning: This process (pid=534) is multi-threaded, use of fork() may lead to deadlocks in the child.
  pid = os.fork()

[2024-09-27T18:03:38.449+0000] {standard_task_runner.py:104} INFO - Running: ['***', 'tasks', 'run', 'sparking_flow', 'create_temp_pg_table', 'manual__2024-09-27T18:03:35.951326+00:00', '--job-id', '133', '--raw', '--subdir', 'DAGS_FOLDER/spark_***.py', '--cfg-path', '/tmp/tmpjg19kbat']
[2024-09-27T18:03:38.451+0000] {standard_task_runner.py:72} INFO - Started process 535 to run task
[2024-09-27T18:03:38.451+0000] {standard_task_runner.py:105} INFO - Job 133: Subtask create_temp_pg_table
[2024-09-27T18:03:38.552+0000] {task_command.py:467} INFO - Running <TaskInstance: sparking_flow.create_temp_pg_table manual__2024-09-27T18:03:35.951326+00:00 [running]> on host 15db728b339c
[2024-09-27T18:03:38.689+0000] {taskinstance.py:3131} INFO - Exporting env vars: AIRFLOW_CTX_DAG_OWNER='***' AIRFLOW_CTX_DAG_ID='sparking_flow' AIRFLOW_CTX_TASK_ID='create_temp_pg_table' AIRFLOW_CTX_EXECUTION_DATE='2024-09-27T18:03:35.951326+00:00' AIRFLOW_CTX_TRY_NUMBER='1' AIRFLOW_CTX_DAG_RUN_ID='manual__2024-09-27T18:03:35.951326+00:00'
[2024-09-27T18:03:38.692+0000] {taskinstance.py:731} INFO - ::endgroup::
[2024-09-27T18:03:38.721+0000] {sql.py:266} INFO - Executing: 
        DROP TABLE IF EXISTS sales_temp;
        CREATE TABLE sales_temp (
            sale_id INT PRIMARY KEY,
            customer_id INT,
            product_id INT,
            quantity INT,
            sale_date DATE,
            sale_amount INT,
            region VARCHAR(5)
        );
    
[2024-09-27T18:03:38.739+0000] {base.py:84} INFO - Retrieving connection 'postgres_conn_id'
[2024-09-27T18:03:38.767+0000] {base.py:84} INFO - Retrieving connection 'postgres_conn_id'
[2024-09-27T18:03:38.899+0000] {sql.py:509} INFO - Running statement: 
        DROP TABLE IF EXISTS sales_temp;
        CREATE TABLE sales_temp (
            sale_id INT PRIMARY KEY,
            customer_id INT,
            product_id INT,
            quantity INT,
            sale_date DATE,
            sale_amount INT,
            region VARCHAR(5)
        );
    , parameters: None
[2024-09-27T18:03:39.003+0000] {taskinstance.py:340} INFO - ::group::Post task execution logs
[2024-09-27T18:03:39.004+0000] {taskinstance.py:352} INFO - Marking task as SUCCESS. dag_id=sparking_flow, task_id=create_temp_pg_table, run_id=manual__2024-09-27T18:03:35.951326+00:00, execution_date=20240927T180335, start_date=20240927T180338, end_date=20240927T180339
[2024-09-27T18:03:39.044+0000] {local_task_job_runner.py:266} INFO - Task exited with return code 0
[2024-09-27T18:03:39.067+0000] {warnings.py:112} WARNING - /home/***/.local/lib/python3.12/site-packages/***/models/baseoperator.py:1378: AirflowProviderDeprecationWarning: Call to deprecated class PostgresOperator. (Please use `***.providers.common.sql.operators.sql.SQLExecuteQueryOperator`.Also, you can provide `hook_params={'schema': <database>}`.)
  result = cls.__new__(cls)

[2024-09-27T18:03:39.094+0000] {taskinstance.py:3900} INFO - 0 downstream tasks scheduled from follow-on schedule check
[2024-09-27T18:03:39.098+0000] {local_task_job_runner.py:245} INFO - ::endgroup::
