[2024-09-27T11:36:21.092+0000] {local_task_job_runner.py:123} INFO - ::group::Pre task execution logs
[2024-09-27T11:36:21.118+0000] {taskinstance.py:2612} INFO - Dependencies all met for dep_context=non-requeueable deps ti=<TaskInstance: sparking_flow.start manual__2024-09-27T11:36:18.573466+00:00 [queued]>
[2024-09-27T11:36:21.133+0000] {taskinstance.py:2612} INFO - Dependencies all met for dep_context=requeueable deps ti=<TaskInstance: sparking_flow.start manual__2024-09-27T11:36:18.573466+00:00 [queued]>
[2024-09-27T11:36:21.135+0000] {taskinstance.py:2865} INFO - Starting attempt 1 of 1
[2024-09-27T11:36:21.157+0000] {taskinstance.py:2888} INFO - Executing <Task(PythonOperator): start> on 2024-09-27 11:36:18.573466+00:00
[2024-09-27T11:36:21.165+0000] {warnings.py:112} WARNING - /home/***/.local/lib/python3.12/site-packages/***/task/task_runner/standard_task_runner.py:70: DeprecationWarning: This process (pid=135) is multi-threaded, use of fork() may lead to deadlocks in the child.
  pid = os.fork()

[2024-09-27T11:36:21.166+0000] {standard_task_runner.py:72} INFO - Started process 136 to run task
[2024-09-27T11:36:21.167+0000] {standard_task_runner.py:104} INFO - Running: ['***', 'tasks', 'run', 'sparking_flow', 'start', 'manual__2024-09-27T11:36:18.573466+00:00', '--job-id', '75', '--raw', '--subdir', 'DAGS_FOLDER/spark_***.py', '--cfg-path', '/tmp/tmpb9psiql_']
[2024-09-27T11:36:21.169+0000] {standard_task_runner.py:105} INFO - Job 75: Subtask start
[2024-09-27T11:36:21.262+0000] {task_command.py:467} INFO - Running <TaskInstance: sparking_flow.start manual__2024-09-27T11:36:18.573466+00:00 [running]> on host afb1a6b3c1a2
[2024-09-27T11:36:21.895+0000] {taskinstance.py:3131} INFO - Exporting env vars: AIRFLOW_CTX_DAG_OWNER='***' AIRFLOW_CTX_DAG_ID='sparking_flow' AIRFLOW_CTX_TASK_ID='start' AIRFLOW_CTX_EXECUTION_DATE='2024-09-27T11:36:18.573466+00:00' AIRFLOW_CTX_TRY_NUMBER='1' AIRFLOW_CTX_DAG_RUN_ID='manual__2024-09-27T11:36:18.573466+00:00'
[2024-09-27T11:36:21.897+0000] {taskinstance.py:731} INFO - ::endgroup::
[2024-09-27T11:36:23.623+0000] {python.py:240} INFO - Done. Returned value was: None
[2024-09-27T11:36:23.637+0000] {taskinstance.py:340} INFO - ::group::Post task execution logs
[2024-09-27T11:36:23.639+0000] {taskinstance.py:352} INFO - Marking task as SUCCESS. dag_id=sparking_flow, task_id=start, run_id=manual__2024-09-27T11:36:18.573466+00:00, execution_date=20240927T113618, start_date=20240927T113621, end_date=20240927T113623
[2024-09-27T11:36:23.698+0000] {local_task_job_runner.py:266} INFO - Task exited with return code 0
[2024-09-27T11:36:23.714+0000] {warnings.py:112} WARNING - /home/***/.local/lib/python3.12/site-packages/***/models/baseoperator.py:1378: AirflowProviderDeprecationWarning: Call to deprecated class PostgresOperator. (Please use `***.providers.common.sql.operators.sql.SQLExecuteQueryOperator`.Also, you can provide `hook_params={'schema': <database>}`.)
  result = cls.__new__(cls)

[2024-09-27T11:36:23.747+0000] {taskinstance.py:3900} INFO - 1 downstream tasks scheduled from follow-on schedule check
[2024-09-27T11:36:23.749+0000] {local_task_job_runner.py:245} INFO - ::endgroup::
