[2024-09-27T11:40:05.765+0000] {local_task_job_runner.py:123} INFO - ::group::Pre task execution logs
[2024-09-27T11:40:05.783+0000] {taskinstance.py:2612} INFO - Dependencies all met for dep_context=non-requeueable deps ti=<TaskInstance: sparking_flow.start manual__2024-09-27T11:40:02.000938+00:00 [queued]>
[2024-09-27T11:40:05.793+0000] {taskinstance.py:2612} INFO - Dependencies all met for dep_context=requeueable deps ti=<TaskInstance: sparking_flow.start manual__2024-09-27T11:40:02.000938+00:00 [queued]>
[2024-09-27T11:40:05.794+0000] {taskinstance.py:2865} INFO - Starting attempt 1 of 1
[2024-09-27T11:40:05.809+0000] {taskinstance.py:2888} INFO - Executing <Task(PythonOperator): start> on 2024-09-27 11:40:02.000938+00:00
[2024-09-27T11:40:05.815+0000] {warnings.py:112} WARNING - /home/***/.local/lib/python3.12/site-packages/***/task/task_runner/standard_task_runner.py:70: DeprecationWarning: This process (pid=68) is multi-threaded, use of fork() may lead to deadlocks in the child.
  pid = os.fork()

[2024-09-27T11:40:05.817+0000] {standard_task_runner.py:72} INFO - Started process 69 to run task
[2024-09-27T11:40:05.817+0000] {standard_task_runner.py:104} INFO - Running: ['***', 'tasks', 'run', 'sparking_flow', 'start', 'manual__2024-09-27T11:40:02.000938+00:00', '--job-id', '79', '--raw', '--subdir', 'DAGS_FOLDER/spark_***.py', '--cfg-path', '/tmp/tmpjurnvp5k']
[2024-09-27T11:40:05.819+0000] {standard_task_runner.py:105} INFO - Job 79: Subtask start
[2024-09-27T11:40:05.881+0000] {task_command.py:467} INFO - Running <TaskInstance: sparking_flow.start manual__2024-09-27T11:40:02.000938+00:00 [running]> on host afb1a6b3c1a2
[2024-09-27T11:40:06.006+0000] {taskinstance.py:3131} INFO - Exporting env vars: AIRFLOW_CTX_DAG_OWNER='***' AIRFLOW_CTX_DAG_ID='sparking_flow' AIRFLOW_CTX_TASK_ID='start' AIRFLOW_CTX_EXECUTION_DATE='2024-09-27T11:40:02.000938+00:00' AIRFLOW_CTX_TRY_NUMBER='1' AIRFLOW_CTX_DAG_RUN_ID='manual__2024-09-27T11:40:02.000938+00:00'
[2024-09-27T11:40:06.012+0000] {taskinstance.py:731} INFO - ::endgroup::
[2024-09-27T11:40:07.047+0000] {python.py:240} INFO - Done. Returned value was: None
[2024-09-27T11:40:07.061+0000] {taskinstance.py:340} INFO - ::group::Post task execution logs
[2024-09-27T11:40:07.061+0000] {taskinstance.py:352} INFO - Marking task as SUCCESS. dag_id=sparking_flow, task_id=start, run_id=manual__2024-09-27T11:40:02.000938+00:00, execution_date=20240927T114002, start_date=20240927T114005, end_date=20240927T114007
[2024-09-27T11:40:07.089+0000] {local_task_job_runner.py:266} INFO - Task exited with return code 0
[2024-09-27T11:40:07.103+0000] {warnings.py:112} WARNING - /home/***/.local/lib/python3.12/site-packages/***/models/baseoperator.py:1378: AirflowProviderDeprecationWarning: Call to deprecated class PostgresOperator. (Please use `***.providers.common.sql.operators.sql.SQLExecuteQueryOperator`.Also, you can provide `hook_params={'schema': <database>}`.)
  result = cls.__new__(cls)

[2024-09-27T11:40:07.150+0000] {taskinstance.py:3900} INFO - 1 downstream tasks scheduled from follow-on schedule check
[2024-09-27T11:40:07.154+0000] {local_task_job_runner.py:245} INFO - ::endgroup::
