[2024-09-27T18:43:10.892+0000] {local_task_job_runner.py:123} INFO - ::group::Pre task execution logs
[2024-09-27T18:43:10.912+0000] {taskinstance.py:2612} INFO - Dependencies all met for dep_context=non-requeueable deps ti=<TaskInstance: sparking_flow.clear_data manual__2024-09-27T18:43:05.255669+00:00 [queued]>
[2024-09-27T18:43:10.922+0000] {taskinstance.py:2612} INFO - Dependencies all met for dep_context=requeueable deps ti=<TaskInstance: sparking_flow.clear_data manual__2024-09-27T18:43:05.255669+00:00 [queued]>
[2024-09-27T18:43:10.923+0000] {taskinstance.py:2865} INFO - Starting attempt 1 of 1
[2024-09-27T18:43:10.939+0000] {taskinstance.py:2888} INFO - Executing <Task(SparkSubmitOperator): clear_data> on 2024-09-27 18:43:05.255669+00:00
[2024-09-27T18:43:10.946+0000] {warnings.py:112} WARNING - /home/***/.local/lib/python3.12/site-packages/***/task/task_runner/standard_task_runner.py:70: DeprecationWarning: This process (pid=426) is multi-threaded, use of fork() may lead to deadlocks in the child.
  pid = os.fork()

[2024-09-27T18:43:10.948+0000] {standard_task_runner.py:72} INFO - Started process 427 to run task
[2024-09-27T18:43:10.948+0000] {standard_task_runner.py:104} INFO - Running: ['***', 'tasks', 'run', 'sparking_flow', 'clear_data', 'manual__2024-09-27T18:43:05.255669+00:00', '--job-id', '145', '--raw', '--subdir', 'DAGS_FOLDER/spark_***.py', '--cfg-path', '/tmp/tmp85x1f81b']
[2024-09-27T18:43:10.950+0000] {standard_task_runner.py:105} INFO - Job 145: Subtask clear_data
[2024-09-27T18:43:11.004+0000] {task_command.py:467} INFO - Running <TaskInstance: sparking_flow.clear_data manual__2024-09-27T18:43:05.255669+00:00 [running]> on host 15db728b339c
[2024-09-27T18:43:11.124+0000] {taskinstance.py:3131} INFO - Exporting env vars: AIRFLOW_CTX_DAG_OWNER='***' AIRFLOW_CTX_DAG_ID='sparking_flow' AIRFLOW_CTX_TASK_ID='clear_data' AIRFLOW_CTX_EXECUTION_DATE='2024-09-27T18:43:05.255669+00:00' AIRFLOW_CTX_TRY_NUMBER='1' AIRFLOW_CTX_DAG_RUN_ID='manual__2024-09-27T18:43:05.255669+00:00'
[2024-09-27T18:43:11.125+0000] {taskinstance.py:731} INFO - ::endgroup::
[2024-09-27T18:43:11.165+0000] {base.py:84} INFO - Retrieving connection 'spark-conn'
[2024-09-27T18:43:11.170+0000] {spark_submit.py:403} INFO - Spark-Submit cmd: spark-submit --master spark://spark-master:7077 --name arrow-spark --deploy-mode client jobs/python/clear_data.py
[2024-09-27T18:43:11.411+0000] {spark_submit.py:579} INFO - /home/***/.local/lib/python3.12/site-packages/pyspark/bin/load-spark-env.sh: line 68: ps: command not found
[2024-09-27T18:43:17.986+0000] {spark_submit.py:579} INFO - 24/09/27 18:43:17 INFO SparkContext: Running Spark version 3.5.2
[2024-09-27T18:43:17.997+0000] {spark_submit.py:579} INFO - 24/09/27 18:43:17 INFO SparkContext: OS info Linux, 5.15.153.1-microsoft-standard-WSL2, amd64
[2024-09-27T18:43:17.998+0000] {spark_submit.py:579} INFO - 24/09/27 18:43:17 INFO SparkContext: Java version 11
[2024-09-27T18:43:18.159+0000] {spark_submit.py:579} INFO - 24/09/27 18:43:18 WARN NativeCodeLoader: Unable to load native-hadoop library for your platform... using builtin-java classes where applicable
[2024-09-27T18:43:18.572+0000] {spark_submit.py:579} INFO - 24/09/27 18:43:18 INFO ResourceUtils: ==============================================================
[2024-09-27T18:43:18.574+0000] {spark_submit.py:579} INFO - 24/09/27 18:43:18 INFO ResourceUtils: No custom resources configured for spark.driver.
[2024-09-27T18:43:18.576+0000] {spark_submit.py:579} INFO - 24/09/27 18:43:18 INFO ResourceUtils: ==============================================================
[2024-09-27T18:43:18.579+0000] {spark_submit.py:579} INFO - 24/09/27 18:43:18 INFO SparkContext: Submitted application: My App
[2024-09-27T18:43:18.674+0000] {spark_submit.py:579} INFO - 24/09/27 18:43:18 INFO ResourceProfile: Default ResourceProfile created, executor resources: Map(memory -> name: memory, amount: 1024, script: , vendor: , offHeap -> name: offHeap, amount: 0, script: , vendor: ), task resources: Map(cpus -> name: cpus, amount: 1.0)
[2024-09-27T18:43:18.719+0000] {spark_submit.py:579} INFO - 24/09/27 18:43:18 INFO ResourceProfile: Limiting resource is cpu
[2024-09-27T18:43:18.723+0000] {spark_submit.py:579} INFO - 24/09/27 18:43:18 INFO ResourceProfileManager: Added ResourceProfile id: 0
[2024-09-27T18:43:18.852+0000] {spark_submit.py:579} INFO - 24/09/27 18:43:18 INFO SecurityManager: Changing view acls to: ***
[2024-09-27T18:43:18.853+0000] {spark_submit.py:579} INFO - 24/09/27 18:43:18 INFO SecurityManager: Changing modify acls to: ***
[2024-09-27T18:43:18.854+0000] {spark_submit.py:579} INFO - 24/09/27 18:43:18 INFO SecurityManager: Changing view acls groups to:
[2024-09-27T18:43:18.855+0000] {spark_submit.py:579} INFO - 24/09/27 18:43:18 INFO SecurityManager: Changing modify acls groups to:
[2024-09-27T18:43:18.856+0000] {spark_submit.py:579} INFO - 24/09/27 18:43:18 INFO SecurityManager: SecurityManager: authentication disabled; ui acls disabled; users with view permissions: ***; groups with view permissions: EMPTY; users with modify permissions: ***; groups with modify permissions: EMPTY
[2024-09-27T18:43:19.699+0000] {spark_submit.py:579} INFO - 24/09/27 18:43:19 INFO Utils: Successfully started service 'sparkDriver' on port 44413.
[2024-09-27T18:43:19.801+0000] {spark_submit.py:579} INFO - 24/09/27 18:43:19 INFO SparkEnv: Registering MapOutputTracker
[2024-09-27T18:43:19.902+0000] {spark_submit.py:579} INFO - 24/09/27 18:43:19 INFO SparkEnv: Registering BlockManagerMaster
[2024-09-27T18:43:19.961+0000] {spark_submit.py:579} INFO - 24/09/27 18:43:19 INFO BlockManagerMasterEndpoint: Using org.apache.spark.storage.DefaultTopologyMapper for getting topology information
[2024-09-27T18:43:19.963+0000] {spark_submit.py:579} INFO - 24/09/27 18:43:19 INFO BlockManagerMasterEndpoint: BlockManagerMasterEndpoint up
[2024-09-27T18:43:19.969+0000] {spark_submit.py:579} INFO - 24/09/27 18:43:19 INFO SparkEnv: Registering BlockManagerMasterHeartbeat
[2024-09-27T18:43:20.028+0000] {spark_submit.py:579} INFO - 24/09/27 18:43:20 INFO DiskBlockManager: Created local directory at /tmp/blockmgr-77bfa951-f6cd-4a18-9cb9-b4ad72ae43c0
[2024-09-27T18:43:20.080+0000] {spark_submit.py:579} INFO - 24/09/27 18:43:20 INFO MemoryStore: MemoryStore started with capacity 434.4 MiB
[2024-09-27T18:43:20.121+0000] {spark_submit.py:579} INFO - 24/09/27 18:43:20 INFO SparkEnv: Registering OutputCommitCoordinator
[2024-09-27T18:43:20.355+0000] {spark_submit.py:579} INFO - 24/09/27 18:43:20 INFO JettyUtils: Start Jetty 0.0.0.0:4040 for SparkUI
[2024-09-27T18:43:20.471+0000] {spark_submit.py:579} INFO - 24/09/27 18:43:20 INFO Utils: Successfully started service 'SparkUI' on port 4040.
[2024-09-27T18:43:20.545+0000] {spark_submit.py:579} INFO - 24/09/27 18:43:20 INFO SparkContext: Added JAR /opt/***/lib/postgresql-42.7.4.jar at spark://15db728b339c:44413/jars/postgresql-42.7.4.jar with timestamp 1727462597957
[2024-09-27T18:43:20.721+0000] {spark_submit.py:579} INFO - 24/09/27 18:43:20 INFO StandaloneAppClient$ClientEndpoint: Connecting to master spark://spark-master:7077...
[2024-09-27T18:43:20.823+0000] {spark_submit.py:579} INFO - 24/09/27 18:43:20 INFO TransportClientFactory: Successfully created connection to spark-master/172.20.0.3:7077 after 59 ms (0 ms spent in bootstraps)
[2024-09-27T18:43:21.030+0000] {spark_submit.py:579} INFO - 24/09/27 18:43:21 INFO StandaloneSchedulerBackend: Connected to Spark cluster with app ID app-20240927184321-0001
[2024-09-27T18:43:21.033+0000] {spark_submit.py:579} INFO - 24/09/27 18:43:21 INFO StandaloneAppClient$ClientEndpoint: Executor added: app-20240927184321-0001/0 on worker-20240927182445-172.20.0.7-38427 (172.20.0.7:38427) with 2 core(s)
[2024-09-27T18:43:21.036+0000] {spark_submit.py:579} INFO - 24/09/27 18:43:21 INFO StandaloneSchedulerBackend: Granted executor ID app-20240927184321-0001/0 on hostPort 172.20.0.7:38427 with 2 core(s), 1024.0 MiB RAM
[2024-09-27T18:43:21.057+0000] {spark_submit.py:579} INFO - 24/09/27 18:43:21 INFO Utils: Successfully started service 'org.apache.spark.network.netty.NettyBlockTransferService' on port 40991.
[2024-09-27T18:43:21.064+0000] {spark_submit.py:579} INFO - 24/09/27 18:43:21 INFO NettyBlockTransferService: Server created on 15db728b339c:40991
[2024-09-27T18:43:21.065+0000] {spark_submit.py:579} INFO - 24/09/27 18:43:21 INFO BlockManager: Using org.apache.spark.storage.RandomBlockReplicationPolicy for block replication policy
[2024-09-27T18:43:21.077+0000] {spark_submit.py:579} INFO - 24/09/27 18:43:21 INFO BlockManagerMaster: Registering BlockManager BlockManagerId(driver, 15db728b339c, 40991, None)
[2024-09-27T18:43:21.084+0000] {spark_submit.py:579} INFO - 24/09/27 18:43:21 INFO BlockManagerMasterEndpoint: Registering block manager 15db728b339c:40991 with 434.4 MiB RAM, BlockManagerId(driver, 15db728b339c, 40991, None)
[2024-09-27T18:43:21.088+0000] {spark_submit.py:579} INFO - 24/09/27 18:43:21 INFO BlockManagerMaster: Registered BlockManager BlockManagerId(driver, 15db728b339c, 40991, None)
[2024-09-27T18:43:21.091+0000] {spark_submit.py:579} INFO - 24/09/27 18:43:21 INFO BlockManager: Initialized BlockManager: BlockManagerId(driver, 15db728b339c, 40991, None)
[2024-09-27T18:43:21.214+0000] {spark_submit.py:579} INFO - 24/09/27 18:43:21 INFO StandaloneAppClient$ClientEndpoint: Executor updated: app-20240927184321-0001/0 is now RUNNING
[2024-09-27T18:43:21.831+0000] {spark_submit.py:579} INFO - 24/09/27 18:43:21 INFO StandaloneSchedulerBackend: SchedulerBackend is ready for scheduling beginning after reached minRegisteredResourcesRatio: 0.0
[2024-09-27T18:43:22.744+0000] {spark_submit.py:579} INFO - 24/09/27 18:43:22 INFO SharedState: Setting hive.metastore.warehouse.dir ('null') to the value of spark.sql.warehouse.dir.
[2024-09-27T18:43:22.770+0000] {spark_submit.py:579} INFO - 24/09/27 18:43:22 INFO SharedState: Warehouse path is 'file:/opt/***/spark-warehouse'.
[2024-09-27T18:43:36.659+0000] {spark_submit.py:579} INFO - Traceback (most recent call last):
[2024-09-27T18:43:36.745+0000] {spark_submit.py:579} INFO - File "/opt/***/jobs/python/clear_data.py", line 61, in <module>
[2024-09-27T18:43:36.854+0000] {spark_submit.py:579} INFO - clear_data()
[2024-09-27T18:43:36.905+0000] {spark_submit.py:579} INFO - File "/opt/***/jobs/python/clear_data.py", line 55, in clear_data
[2024-09-27T18:43:36.915+0000] {spark_submit.py:579} INFO - sales_df = spark.read.format("jdbc").options(**options).load()
[2024-09-27T18:43:36.915+0000] {spark_submit.py:579} INFO - ^^^^^^^^^^^^^^^^^^^^^^^^^^^^^^^^^^^^^^^^^^^^^^^^^^^
[2024-09-27T18:43:36.916+0000] {spark_submit.py:579} INFO - File "/home/***/.local/lib/python3.12/site-packages/pyspark/python/lib/pyspark.zip/pyspark/sql/readwriter.py", line 314, in load
[2024-09-27T18:43:36.947+0000] {spark_submit.py:579} INFO - File "/home/***/.local/lib/python3.12/site-packages/pyspark/python/lib/py4j-0.10.9.7-src.zip/py4j/java_gateway.py", line 1322, in __call__
[2024-09-27T18:43:37.040+0000] {spark_submit.py:579} INFO - File "/home/***/.local/lib/python3.12/site-packages/pyspark/python/lib/pyspark.zip/pyspark/errors/exceptions/captured.py", line 179, in deco
[2024-09-27T18:43:37.043+0000] {spark_submit.py:579} INFO - File "/home/***/.local/lib/python3.12/site-packages/pyspark/python/lib/py4j-0.10.9.7-src.zip/py4j/protocol.py", line 326, in get_return_value
[2024-09-27T18:43:37.094+0000] {spark_submit.py:579} INFO - py4j.protocol.Py4JJavaError: An error occurred while calling o36.load.
[2024-09-27T18:43:37.141+0000] {spark_submit.py:579} INFO - : java.lang.ClassNotFoundException: org.postgresql.Driver
[2024-09-27T18:43:37.178+0000] {spark_submit.py:579} INFO - at java.base/java.net.URLClassLoader.findClass(URLClassLoader.java:471)
[2024-09-27T18:43:37.180+0000] {spark_submit.py:579} INFO - at java.base/java.lang.ClassLoader.loadClass(ClassLoader.java:588)
[2024-09-27T18:43:37.184+0000] {spark_submit.py:579} INFO - at java.base/java.lang.ClassLoader.loadClass(ClassLoader.java:521)
[2024-09-27T18:43:37.185+0000] {spark_submit.py:579} INFO - at org.apache.spark.sql.execution.datasources.jdbc.DriverRegistry$.register(DriverRegistry.scala:46)
[2024-09-27T18:43:37.186+0000] {spark_submit.py:579} INFO - at org.apache.spark.sql.execution.datasources.jdbc.JDBCOptions.$anonfun$driverClass$1(JDBCOptions.scala:103)
[2024-09-27T18:43:37.188+0000] {spark_submit.py:579} INFO - at org.apache.spark.sql.execution.datasources.jdbc.JDBCOptions.$anonfun$driverClass$1$adapted(JDBCOptions.scala:103)
[2024-09-27T18:43:37.189+0000] {spark_submit.py:579} INFO - at scala.Option.foreach(Option.scala:407)
[2024-09-27T18:43:37.192+0000] {spark_submit.py:579} INFO - at org.apache.spark.sql.execution.datasources.jdbc.JDBCOptions.<init>(JDBCOptions.scala:103)
[2024-09-27T18:43:37.193+0000] {spark_submit.py:579} INFO - at org.apache.spark.sql.execution.datasources.jdbc.JDBCOptions.<init>(JDBCOptions.scala:41)
[2024-09-27T18:43:37.198+0000] {spark_submit.py:579} INFO - at org.apache.spark.sql.execution.datasources.jdbc.JdbcRelationProvider.createRelation(JdbcRelationProvider.scala:34)
[2024-09-27T18:43:37.201+0000] {spark_submit.py:579} INFO - at org.apache.spark.sql.execution.datasources.DataSource.resolveRelation(DataSource.scala:346)
[2024-09-27T18:43:37.202+0000] {spark_submit.py:579} INFO - at org.apache.spark.sql.DataFrameReader.loadV1Source(DataFrameReader.scala:229)
[2024-09-27T18:43:37.202+0000] {spark_submit.py:579} INFO - at org.apache.spark.sql.DataFrameReader.$anonfun$load$2(DataFrameReader.scala:211)
[2024-09-27T18:43:37.203+0000] {spark_submit.py:579} INFO - at scala.Option.getOrElse(Option.scala:189)
[2024-09-27T18:43:37.205+0000] {spark_submit.py:579} INFO - at org.apache.spark.sql.DataFrameReader.load(DataFrameReader.scala:211)
[2024-09-27T18:43:37.206+0000] {spark_submit.py:579} INFO - at org.apache.spark.sql.DataFrameReader.load(DataFrameReader.scala:172)
[2024-09-27T18:43:37.206+0000] {spark_submit.py:579} INFO - at java.base/jdk.internal.reflect.NativeMethodAccessorImpl.invoke0(Native Method)
[2024-09-27T18:43:37.207+0000] {spark_submit.py:579} INFO - at java.base/jdk.internal.reflect.NativeMethodAccessorImpl.invoke(NativeMethodAccessorImpl.java:62)
[2024-09-27T18:43:37.208+0000] {spark_submit.py:579} INFO - at java.base/jdk.internal.reflect.DelegatingMethodAccessorImpl.invoke(DelegatingMethodAccessorImpl.java:43)
[2024-09-27T18:43:37.209+0000] {spark_submit.py:579} INFO - at java.base/java.lang.reflect.Method.invoke(Method.java:566)
[2024-09-27T18:43:37.212+0000] {spark_submit.py:579} INFO - at py4j.reflection.MethodInvoker.invoke(MethodInvoker.java:244)
[2024-09-27T18:43:37.213+0000] {spark_submit.py:579} INFO - at py4j.reflection.ReflectionEngine.invoke(ReflectionEngine.java:374)
[2024-09-27T18:43:37.217+0000] {spark_submit.py:579} INFO - at py4j.Gateway.invoke(Gateway.java:282)
[2024-09-27T18:43:37.218+0000] {spark_submit.py:579} INFO - at py4j.commands.AbstractCommand.invokeMethod(AbstractCommand.java:132)
[2024-09-27T18:43:37.220+0000] {spark_submit.py:579} INFO - at py4j.commands.CallCommand.execute(CallCommand.java:79)
[2024-09-27T18:43:37.221+0000] {spark_submit.py:579} INFO - at py4j.ClientServerConnection.waitForCommands(ClientServerConnection.java:182)
[2024-09-27T18:43:37.222+0000] {spark_submit.py:579} INFO - at py4j.ClientServerConnection.run(ClientServerConnection.java:106)
[2024-09-27T18:43:37.223+0000] {spark_submit.py:579} INFO - at java.base/java.lang.Thread.run(Thread.java:834)
[2024-09-27T18:43:37.224+0000] {spark_submit.py:579} INFO - 
[2024-09-27T18:43:37.696+0000] {spark_submit.py:579} INFO - 24/09/27 18:43:37 INFO SparkContext: Invoking stop() from shutdown hook
[2024-09-27T18:43:37.721+0000] {spark_submit.py:579} INFO - 24/09/27 18:43:37 INFO SparkContext: SparkContext is stopping with exitCode 0.
[2024-09-27T18:43:37.781+0000] {spark_submit.py:579} INFO - 24/09/27 18:43:37 INFO SparkUI: Stopped Spark web UI at http://15db728b339c:4040
[2024-09-27T18:43:37.798+0000] {spark_submit.py:579} INFO - 24/09/27 18:43:37 INFO StandaloneSchedulerBackend: Shutting down all executors
[2024-09-27T18:43:37.813+0000] {spark_submit.py:579} INFO - 24/09/27 18:43:37 INFO StandaloneSchedulerBackend$StandaloneDriverEndpoint: Asking each executor to shut down
[2024-09-27T18:43:37.890+0000] {spark_submit.py:579} INFO - 24/09/27 18:43:37 INFO MapOutputTrackerMasterEndpoint: MapOutputTrackerMasterEndpoint stopped!
[2024-09-27T18:43:38.181+0000] {spark_submit.py:579} INFO - 24/09/27 18:43:38 INFO MemoryStore: MemoryStore cleared
[2024-09-27T18:43:38.188+0000] {spark_submit.py:579} INFO - 24/09/27 18:43:38 INFO BlockManager: BlockManager stopped
[2024-09-27T18:43:38.232+0000] {spark_submit.py:579} INFO - 24/09/27 18:43:38 INFO BlockManagerMaster: BlockManagerMaster stopped
[2024-09-27T18:43:38.238+0000] {spark_submit.py:579} INFO - 24/09/27 18:43:38 INFO OutputCommitCoordinator$OutputCommitCoordinatorEndpoint: OutputCommitCoordinator stopped!
[2024-09-27T18:43:38.267+0000] {spark_submit.py:579} INFO - 24/09/27 18:43:38 INFO SparkContext: Successfully stopped SparkContext
[2024-09-27T18:43:38.268+0000] {spark_submit.py:579} INFO - 24/09/27 18:43:38 INFO ShutdownHookManager: Shutdown hook called
[2024-09-27T18:43:38.269+0000] {spark_submit.py:579} INFO - 24/09/27 18:43:38 INFO ShutdownHookManager: Deleting directory /tmp/spark-e7214099-b65d-444f-a399-a3db2dfc6732/pyspark-d2d4f468-b3b7-4b92-a2a4-1e2bb9d60ded
[2024-09-27T18:43:38.280+0000] {spark_submit.py:579} INFO - 24/09/27 18:43:38 INFO ShutdownHookManager: Deleting directory /tmp/spark-0d370b2a-9035-42c0-9177-ef2532066c06
[2024-09-27T18:43:38.285+0000] {spark_submit.py:579} INFO - 24/09/27 18:43:38 INFO ShutdownHookManager: Deleting directory /tmp/spark-e7214099-b65d-444f-a399-a3db2dfc6732
[2024-09-27T18:43:38.716+0000] {job.py:229} INFO - Heartbeat recovered after 17.60 seconds
[2024-09-27T18:43:38.715+0000] {taskinstance.py:3310} ERROR - Task failed with exception
Traceback (most recent call last):
  File "/home/airflow/.local/lib/python3.12/site-packages/airflow/models/taskinstance.py", line 767, in _execute_task
    result = _execute_callable(context=context, **execute_callable_kwargs)
             ^^^^^^^^^^^^^^^^^^^^^^^^^^^^^^^^^^^^^^^^^^^^^^^^^^^^^^^^^^^^^
  File "/home/airflow/.local/lib/python3.12/site-packages/airflow/models/taskinstance.py", line 733, in _execute_callable
    return ExecutionCallableRunner(
           ^^^^^^^^^^^^^^^^^^^^^^^^
  File "/home/airflow/.local/lib/python3.12/site-packages/airflow/utils/operator_helpers.py", line 252, in run
    return self.func(*args, **kwargs)
           ^^^^^^^^^^^^^^^^^^^^^^^^^^
  File "/home/airflow/.local/lib/python3.12/site-packages/airflow/models/baseoperator.py", line 406, in wrapper
    return func(self, *args, **kwargs)
           ^^^^^^^^^^^^^^^^^^^^^^^^^^^
  File "/home/airflow/.local/lib/python3.12/site-packages/airflow/providers/apache/spark/operators/spark_submit.py", line 174, in execute
    self._hook.submit(self.application)
  File "/home/airflow/.local/lib/python3.12/site-packages/airflow/providers/apache/spark/hooks/spark_submit.py", line 505, in submit
    raise AirflowException(
airflow.exceptions.AirflowException: Cannot execute: spark-submit --master spark://spark-master:7077 --name arrow-spark --deploy-mode client jobs/python/clear_data.py. Error code is: 1.
[2024-09-27T18:43:38.758+0000] {taskinstance.py:1225} INFO - Marking task as FAILED. dag_id=sparking_flow, task_id=clear_data, run_id=manual__2024-09-27T18:43:05.255669+00:00, execution_date=20240927T184305, start_date=20240927T184310, end_date=20240927T184338
[2024-09-27T18:43:38.785+0000] {taskinstance.py:340} INFO - ::group::Post task execution logs
[2024-09-27T18:43:38.786+0000] {standard_task_runner.py:124} ERROR - Failed to execute job 145 for task clear_data (Cannot execute: spark-submit --master spark://spark-master:7077 --name arrow-spark --deploy-mode client jobs/python/clear_data.py. Error code is: 1.; 427)
Traceback (most recent call last):
  File "/home/airflow/.local/lib/python3.12/site-packages/airflow/task/task_runner/standard_task_runner.py", line 117, in _start_by_fork
    ret = args.func(args, dag=self.dag)
          ^^^^^^^^^^^^^^^^^^^^^^^^^^^^^
  File "/home/airflow/.local/lib/python3.12/site-packages/airflow/cli/cli_config.py", line 49, in command
    return func(*args, **kwargs)
           ^^^^^^^^^^^^^^^^^^^^^
  File "/home/airflow/.local/lib/python3.12/site-packages/airflow/utils/cli.py", line 115, in wrapper
    return f(*args, **kwargs)
           ^^^^^^^^^^^^^^^^^^
  File "/home/airflow/.local/lib/python3.12/site-packages/airflow/cli/commands/task_command.py", line 483, in task_run
    task_return_code = _run_task_by_selected_method(args, _dag, ti)
                       ^^^^^^^^^^^^^^^^^^^^^^^^^^^^^^^^^^^^^^^^^^^^
  File "/home/airflow/.local/lib/python3.12/site-packages/airflow/cli/commands/task_command.py", line 256, in _run_task_by_selected_method
    return _run_raw_task(args, ti)
           ^^^^^^^^^^^^^^^^^^^^^^^
  File "/home/airflow/.local/lib/python3.12/site-packages/airflow/cli/commands/task_command.py", line 341, in _run_raw_task
    return ti._run_raw_task(
           ^^^^^^^^^^^^^^^^^
  File "/home/airflow/.local/lib/python3.12/site-packages/airflow/utils/session.py", line 97, in wrapper
    return func(*args, session=session, **kwargs)
           ^^^^^^^^^^^^^^^^^^^^^^^^^^^^^^^^^^^^^^
  File "/home/airflow/.local/lib/python3.12/site-packages/airflow/models/taskinstance.py", line 3004, in _run_raw_task
    return _run_raw_task(
           ^^^^^^^^^^^^^^
  File "/home/airflow/.local/lib/python3.12/site-packages/airflow/models/taskinstance.py", line 273, in _run_raw_task
    TaskInstance._execute_task_with_callbacks(
  File "/home/airflow/.local/lib/python3.12/site-packages/airflow/models/taskinstance.py", line 3158, in _execute_task_with_callbacks
    result = self._execute_task(context, task_orig)
             ^^^^^^^^^^^^^^^^^^^^^^^^^^^^^^^^^^^^^^
  File "/home/airflow/.local/lib/python3.12/site-packages/airflow/models/taskinstance.py", line 3182, in _execute_task
    return _execute_task(self, context, task_orig)
           ^^^^^^^^^^^^^^^^^^^^^^^^^^^^^^^^^^^^^^^
  File "/home/airflow/.local/lib/python3.12/site-packages/airflow/models/taskinstance.py", line 767, in _execute_task
    result = _execute_callable(context=context, **execute_callable_kwargs)
             ^^^^^^^^^^^^^^^^^^^^^^^^^^^^^^^^^^^^^^^^^^^^^^^^^^^^^^^^^^^^^
  File "/home/airflow/.local/lib/python3.12/site-packages/airflow/models/taskinstance.py", line 733, in _execute_callable
    return ExecutionCallableRunner(
           ^^^^^^^^^^^^^^^^^^^^^^^^
  File "/home/airflow/.local/lib/python3.12/site-packages/airflow/utils/operator_helpers.py", line 252, in run
    return self.func(*args, **kwargs)
           ^^^^^^^^^^^^^^^^^^^^^^^^^^
  File "/home/airflow/.local/lib/python3.12/site-packages/airflow/models/baseoperator.py", line 406, in wrapper
    return func(self, *args, **kwargs)
           ^^^^^^^^^^^^^^^^^^^^^^^^^^^
  File "/home/airflow/.local/lib/python3.12/site-packages/airflow/providers/apache/spark/operators/spark_submit.py", line 174, in execute
    self._hook.submit(self.application)
  File "/home/airflow/.local/lib/python3.12/site-packages/airflow/providers/apache/spark/hooks/spark_submit.py", line 505, in submit
    raise AirflowException(
airflow.exceptions.AirflowException: Cannot execute: spark-submit --master spark://spark-master:7077 --name arrow-spark --deploy-mode client jobs/python/clear_data.py. Error code is: 1.
[2024-09-27T18:43:38.839+0000] {local_task_job_runner.py:266} INFO - Task exited with return code 1
[2024-09-27T18:43:38.880+0000] {taskinstance.py:3900} INFO - 0 downstream tasks scheduled from follow-on schedule check
[2024-09-27T18:43:38.887+0000] {local_task_job_runner.py:245} INFO - ::endgroup::
