[2024-09-27T10:47:34.192+0000] {local_task_job_runner.py:123} INFO - ::group::Pre task execution logs
[2024-09-27T10:47:34.221+0000] {taskinstance.py:2612} INFO - Dependencies all met for dep_context=non-requeueable deps ti=<TaskInstance: sparking_flow.create_temp_pg_table manual__2024-09-27T10:47:32.711891+00:00 [queued]>
[2024-09-27T10:47:34.253+0000] {taskinstance.py:2612} INFO - Dependencies all met for dep_context=requeueable deps ti=<TaskInstance: sparking_flow.create_temp_pg_table manual__2024-09-27T10:47:32.711891+00:00 [queued]>
[2024-09-27T10:47:34.254+0000] {taskinstance.py:2865} INFO - Starting attempt 1 of 1
[2024-09-27T10:47:34.287+0000] {taskinstance.py:2888} INFO - Executing <Task(PostgresOperator): create_temp_pg_table> on 2024-09-27 10:47:32.711891+00:00
[2024-09-27T10:47:34.314+0000] {warnings.py:112} WARNING - /home/***/.local/lib/python3.12/site-packages/***/task/task_runner/standard_task_runner.py:70: DeprecationWarning: This process (pid=304) is multi-threaded, use of fork() may lead to deadlocks in the child.
  pid = os.fork()

[2024-09-27T10:47:34.314+0000] {standard_task_runner.py:104} INFO - Running: ['***', 'tasks', 'run', 'sparking_flow', 'create_temp_pg_table', 'manual__2024-09-27T10:47:32.711891+00:00', '--job-id', '57', '--raw', '--subdir', 'DAGS_FOLDER/spark_***.py', '--cfg-path', '/tmp/tmpt8ppbxkj']
[2024-09-27T10:47:34.316+0000] {standard_task_runner.py:72} INFO - Started process 305 to run task
[2024-09-27T10:47:34.317+0000] {standard_task_runner.py:105} INFO - Job 57: Subtask create_temp_pg_table
[2024-09-27T10:47:34.557+0000] {task_command.py:467} INFO - Running <TaskInstance: sparking_flow.create_temp_pg_table manual__2024-09-27T10:47:32.711891+00:00 [running]> on host afb1a6b3c1a2
[2024-09-27T10:47:34.742+0000] {taskinstance.py:3131} INFO - Exporting env vars: AIRFLOW_CTX_DAG_OWNER='***' AIRFLOW_CTX_DAG_ID='sparking_flow' AIRFLOW_CTX_TASK_ID='create_temp_pg_table' AIRFLOW_CTX_EXECUTION_DATE='2024-09-27T10:47:32.711891+00:00' AIRFLOW_CTX_TRY_NUMBER='1' AIRFLOW_CTX_DAG_RUN_ID='manual__2024-09-27T10:47:32.711891+00:00'
[2024-09-27T10:47:34.743+0000] {taskinstance.py:731} INFO - ::endgroup::
[2024-09-27T10:47:34.767+0000] {sql.py:266} INFO - Executing: 
        DROP TABLE IF EXISTS sales_temp;
        CREATE TABLE sales_temp (
            sale_id INT PRIMARY KEY,
            customer_id INT,
            product_id INT,
            quantity INT,
            sale_date DATE,
            sale_amount INT,
            region VARCHAR(5)
        );
    
[2024-09-27T10:47:34.778+0000] {base.py:84} INFO - Retrieving connection 'postgres_conn_id'
[2024-09-27T10:47:34.789+0000] {base.py:84} INFO - Retrieving connection 'postgres_conn_id'
[2024-09-27T10:47:34.803+0000] {sql.py:509} INFO - Running statement: 
        DROP TABLE IF EXISTS sales_temp;
        CREATE TABLE sales_temp (
            sale_id INT PRIMARY KEY,
            customer_id INT,
            product_id INT,
            quantity INT,
            sale_date DATE,
            sale_amount INT,
            region VARCHAR(5)
        );
    , parameters: None
[2024-09-27T10:47:34.852+0000] {taskinstance.py:340} INFO - ::group::Post task execution logs
[2024-09-27T10:47:34.853+0000] {taskinstance.py:352} INFO - Marking task as SUCCESS. dag_id=sparking_flow, task_id=create_temp_pg_table, run_id=manual__2024-09-27T10:47:32.711891+00:00, execution_date=20240927T104732, start_date=20240927T104734, end_date=20240927T104734
[2024-09-27T10:47:34.915+0000] {local_task_job_runner.py:266} INFO - Task exited with return code 0
[2024-09-27T10:47:34.937+0000] {warnings.py:112} WARNING - /home/***/.local/lib/python3.12/site-packages/***/models/baseoperator.py:1378: AirflowProviderDeprecationWarning: Call to deprecated class PostgresOperator. (Please use `***.providers.common.sql.operators.sql.SQLExecuteQueryOperator`.Also, you can provide `hook_params={'schema': <database>}`.)
  result = cls.__new__(cls)

[2024-09-27T10:47:34.963+0000] {taskinstance.py:3900} INFO - 1 downstream tasks scheduled from follow-on schedule check
[2024-09-27T10:47:34.966+0000] {local_task_job_runner.py:245} INFO - ::endgroup::
