[2024-09-27T10:58:32.111+0000] {local_task_job_runner.py:123} INFO - ::group::Pre task execution logs
[2024-09-27T10:58:32.130+0000] {taskinstance.py:2612} INFO - Dependencies all met for dep_context=non-requeueable deps ti=<TaskInstance: sparking_flow.clear_data manual__2024-09-27T10:58:26.838989+00:00 [queued]>
[2024-09-27T10:58:32.141+0000] {taskinstance.py:2612} INFO - Dependencies all met for dep_context=requeueable deps ti=<TaskInstance: sparking_flow.clear_data manual__2024-09-27T10:58:26.838989+00:00 [queued]>
[2024-09-27T10:58:32.142+0000] {taskinstance.py:2865} INFO - Starting attempt 1 of 1
[2024-09-27T10:58:32.157+0000] {taskinstance.py:2888} INFO - Executing <Task(SparkSubmitOperator): clear_data> on 2024-09-27 10:58:26.838989+00:00
[2024-09-27T10:58:32.163+0000] {warnings.py:112} WARNING - /home/***/.local/lib/python3.12/site-packages/***/task/task_runner/standard_task_runner.py:70: DeprecationWarning: This process (pid=73) is multi-threaded, use of fork() may lead to deadlocks in the child.
  pid = os.fork()

[2024-09-27T10:58:32.165+0000] {standard_task_runner.py:72} INFO - Started process 74 to run task
[2024-09-27T10:58:32.165+0000] {standard_task_runner.py:104} INFO - Running: ['***', 'tasks', 'run', 'sparking_flow', 'clear_data', 'manual__2024-09-27T10:58:26.838989+00:00', '--job-id', '68', '--raw', '--subdir', 'DAGS_FOLDER/spark_***.py', '--cfg-path', '/tmp/tmpkjh_olzx']
[2024-09-27T10:58:32.167+0000] {standard_task_runner.py:105} INFO - Job 68: Subtask clear_data
[2024-09-27T10:58:32.215+0000] {task_command.py:467} INFO - Running <TaskInstance: sparking_flow.clear_data manual__2024-09-27T10:58:26.838989+00:00 [running]> on host afb1a6b3c1a2
[2024-09-27T10:58:32.294+0000] {taskinstance.py:3131} INFO - Exporting env vars: AIRFLOW_CTX_DAG_OWNER='***' AIRFLOW_CTX_DAG_ID='sparking_flow' AIRFLOW_CTX_TASK_ID='clear_data' AIRFLOW_CTX_EXECUTION_DATE='2024-09-27T10:58:26.838989+00:00' AIRFLOW_CTX_TRY_NUMBER='1' AIRFLOW_CTX_DAG_RUN_ID='manual__2024-09-27T10:58:26.838989+00:00'
[2024-09-27T10:58:32.295+0000] {taskinstance.py:731} INFO - ::endgroup::
[2024-09-27T10:58:32.317+0000] {base.py:84} INFO - Retrieving connection 'spark-conn'
[2024-09-27T10:58:32.319+0000] {spark_submit.py:403} INFO - Spark-Submit cmd: spark-submit --master spark://spark-master:7077 --name arrow-spark --deploy-mode client jobs/python/clear_data.py
[2024-09-27T10:58:32.409+0000] {spark_submit.py:579} INFO - /home/***/.local/lib/python3.12/site-packages/pyspark/bin/load-spark-env.sh: line 68: ps: command not found
[2024-09-27T10:58:38.848+0000] {spark_submit.py:579} INFO - 24/09/27 10:58:38 INFO SparkContext: Running Spark version 3.5.2
[2024-09-27T10:58:38.860+0000] {spark_submit.py:579} INFO - 24/09/27 10:58:38 INFO SparkContext: OS info Linux, 5.15.153.1-microsoft-standard-WSL2, amd64
[2024-09-27T10:58:38.860+0000] {spark_submit.py:579} INFO - 24/09/27 10:58:38 INFO SparkContext: Java version 11
[2024-09-27T10:58:39.006+0000] {spark_submit.py:579} INFO - 24/09/27 10:58:39 WARN NativeCodeLoader: Unable to load native-hadoop library for your platform... using builtin-java classes where applicable
[2024-09-27T10:58:39.272+0000] {spark_submit.py:579} INFO - 24/09/27 10:58:39 INFO ResourceUtils: ==============================================================
[2024-09-27T10:58:39.276+0000] {spark_submit.py:579} INFO - 24/09/27 10:58:39 INFO ResourceUtils: No custom resources configured for spark.driver.
[2024-09-27T10:58:39.277+0000] {spark_submit.py:579} INFO - 24/09/27 10:58:39 INFO ResourceUtils: ==============================================================
[2024-09-27T10:58:39.278+0000] {spark_submit.py:579} INFO - 24/09/27 10:58:39 INFO SparkContext: Submitted application: My App
[2024-09-27T10:58:39.349+0000] {spark_submit.py:579} INFO - 24/09/27 10:58:39 INFO ResourceProfile: Default ResourceProfile created, executor resources: Map(memory -> name: memory, amount: 1024, script: , vendor: , offHeap -> name: offHeap, amount: 0, script: , vendor: ), task resources: Map(cpus -> name: cpus, amount: 1.0)
[2024-09-27T10:58:39.411+0000] {spark_submit.py:579} INFO - 24/09/27 10:58:39 INFO ResourceProfile: Limiting resource is cpu
[2024-09-27T10:58:39.413+0000] {spark_submit.py:579} INFO - 24/09/27 10:58:39 INFO ResourceProfileManager: Added ResourceProfile id: 0
[2024-09-27T10:58:39.586+0000] {spark_submit.py:579} INFO - 24/09/27 10:58:39 INFO SecurityManager: Changing view acls to: ***
[2024-09-27T10:58:39.587+0000] {spark_submit.py:579} INFO - 24/09/27 10:58:39 INFO SecurityManager: Changing modify acls to: ***
[2024-09-27T10:58:39.588+0000] {spark_submit.py:579} INFO - 24/09/27 10:58:39 INFO SecurityManager: Changing view acls groups to:
[2024-09-27T10:58:39.591+0000] {spark_submit.py:579} INFO - 24/09/27 10:58:39 INFO SecurityManager: Changing modify acls groups to:
[2024-09-27T10:58:39.592+0000] {spark_submit.py:579} INFO - 24/09/27 10:58:39 INFO SecurityManager: SecurityManager: authentication disabled; ui acls disabled; users with view permissions: ***; groups with view permissions: EMPTY; users with modify permissions: ***; groups with modify permissions: EMPTY
[2024-09-27T10:58:40.295+0000] {spark_submit.py:579} INFO - 24/09/27 10:58:40 INFO Utils: Successfully started service 'sparkDriver' on port 36265.
[2024-09-27T10:58:40.372+0000] {spark_submit.py:579} INFO - 24/09/27 10:58:40 INFO SparkEnv: Registering MapOutputTracker
[2024-09-27T10:58:40.479+0000] {spark_submit.py:579} INFO - 24/09/27 10:58:40 INFO SparkEnv: Registering BlockManagerMaster
[2024-09-27T10:58:40.560+0000] {spark_submit.py:579} INFO - 24/09/27 10:58:40 INFO BlockManagerMasterEndpoint: Using org.apache.spark.storage.DefaultTopologyMapper for getting topology information
[2024-09-27T10:58:40.561+0000] {spark_submit.py:579} INFO - 24/09/27 10:58:40 INFO BlockManagerMasterEndpoint: BlockManagerMasterEndpoint up
[2024-09-27T10:58:40.568+0000] {spark_submit.py:579} INFO - 24/09/27 10:58:40 INFO SparkEnv: Registering BlockManagerMasterHeartbeat
[2024-09-27T10:58:40.622+0000] {spark_submit.py:579} INFO - 24/09/27 10:58:40 INFO DiskBlockManager: Created local directory at /tmp/blockmgr-98347aa1-b2a3-47df-89ea-4dae0e568178
[2024-09-27T10:58:40.642+0000] {spark_submit.py:579} INFO - 24/09/27 10:58:40 INFO MemoryStore: MemoryStore started with capacity 434.4 MiB
[2024-09-27T10:58:40.664+0000] {spark_submit.py:579} INFO - 24/09/27 10:58:40 INFO SparkEnv: Registering OutputCommitCoordinator
[2024-09-27T10:58:40.893+0000] {spark_submit.py:579} INFO - 24/09/27 10:58:40 INFO JettyUtils: Start Jetty 0.0.0.0:4040 for SparkUI
[2024-09-27T10:58:41.002+0000] {spark_submit.py:579} INFO - 24/09/27 10:58:41 INFO Utils: Successfully started service 'SparkUI' on port 4040.
[2024-09-27T10:58:41.063+0000] {spark_submit.py:579} INFO - 24/09/27 10:58:41 INFO SparkContext: Added JAR /opt/***/lib/postgresql-42.7.4.jar at spark://afb1a6b3c1a2:36265/jars/postgresql-42.7.4.jar with timestamp 1727434718820
[2024-09-27T10:58:41.209+0000] {spark_submit.py:579} INFO - 24/09/27 10:58:41 INFO StandaloneAppClient$ClientEndpoint: Connecting to master spark://spark-master:7077...
[2024-09-27T10:58:41.294+0000] {spark_submit.py:579} INFO - 24/09/27 10:58:41 INFO TransportClientFactory: Successfully created connection to spark-master/172.20.0.4:7077 after 48 ms (0 ms spent in bootstraps)
[2024-09-27T10:58:42.231+0000] {spark_submit.py:579} INFO - 24/09/27 10:58:42 INFO StandaloneSchedulerBackend: Connected to Spark cluster with app ID app-20240927105842-0000
[2024-09-27T10:58:42.248+0000] {spark_submit.py:579} INFO - 24/09/27 10:58:42 INFO Utils: Successfully started service 'org.apache.spark.network.netty.NettyBlockTransferService' on port 37131.
[2024-09-27T10:58:42.249+0000] {spark_submit.py:579} INFO - 24/09/27 10:58:42 INFO NettyBlockTransferService: Server created on afb1a6b3c1a2:37131
[2024-09-27T10:58:42.252+0000] {spark_submit.py:579} INFO - 24/09/27 10:58:42 INFO BlockManager: Using org.apache.spark.storage.RandomBlockReplicationPolicy for block replication policy
[2024-09-27T10:58:42.268+0000] {spark_submit.py:579} INFO - 24/09/27 10:58:42 INFO BlockManagerMaster: Registering BlockManager BlockManagerId(driver, afb1a6b3c1a2, 37131, None)
[2024-09-27T10:58:42.276+0000] {spark_submit.py:579} INFO - 24/09/27 10:58:42 INFO BlockManagerMasterEndpoint: Registering block manager afb1a6b3c1a2:37131 with 434.4 MiB RAM, BlockManagerId(driver, afb1a6b3c1a2, 37131, None)
[2024-09-27T10:58:42.281+0000] {spark_submit.py:579} INFO - 24/09/27 10:58:42 INFO BlockManagerMaster: Registered BlockManager BlockManagerId(driver, afb1a6b3c1a2, 37131, None)
[2024-09-27T10:58:42.284+0000] {spark_submit.py:579} INFO - 24/09/27 10:58:42 INFO BlockManager: Initialized BlockManager: BlockManagerId(driver, afb1a6b3c1a2, 37131, None)
[2024-09-27T10:58:42.382+0000] {spark_submit.py:579} INFO - 24/09/27 10:58:42 INFO StandaloneAppClient$ClientEndpoint: Executor added: app-20240927105842-0000/0 on worker-20240927105703-172.20.0.7-44449 (172.20.0.7:44449) with 2 core(s)
[2024-09-27T10:58:42.387+0000] {spark_submit.py:579} INFO - 24/09/27 10:58:42 INFO StandaloneSchedulerBackend: Granted executor ID app-20240927105842-0000/0 on hostPort 172.20.0.7:44449 with 2 core(s), 1024.0 MiB RAM
[2024-09-27T10:58:42.942+0000] {spark_submit.py:579} INFO - 24/09/27 10:58:42 INFO StandaloneSchedulerBackend: SchedulerBackend is ready for scheduling beginning after reached minRegisteredResourcesRatio: 0.0
[2024-09-27T10:58:43.700+0000] {spark_submit.py:579} INFO - 24/09/27 10:58:43 INFO SharedState: Setting hive.metastore.warehouse.dir ('null') to the value of spark.sql.warehouse.dir.
[2024-09-27T10:58:43.720+0000] {spark_submit.py:579} INFO - 24/09/27 10:58:43 INFO SharedState: Warehouse path is 'file:/opt/***/spark-warehouse'.
[2024-09-27T10:58:44.399+0000] {spark_submit.py:579} INFO - 24/09/27 10:58:44 INFO StandaloneAppClient$ClientEndpoint: Executor updated: app-20240927105842-0000/0 is now RUNNING
[2024-09-27T10:58:46.478+0000] {spark_submit.py:579} INFO - Traceback (most recent call last):
[2024-09-27T10:58:46.479+0000] {spark_submit.py:579} INFO - File "/opt/***/jobs/python/clear_data.py", line 61, in <module>
[2024-09-27T10:58:46.482+0000] {spark_submit.py:579} INFO - clear_data()
[2024-09-27T10:58:46.483+0000] {spark_submit.py:579} INFO - File "/opt/***/jobs/python/clear_data.py", line 55, in clear_data
[2024-09-27T10:58:46.486+0000] {spark_submit.py:579} INFO - sales_df = spark.read.format("jdbc").options(**options).load()
[2024-09-27T10:58:46.486+0000] {spark_submit.py:579} INFO - ^^^^^^^^^^^^^^^^^^^^^^^^^^^^^^^^^^^^^^^^^^^^^^^^^^^
[2024-09-27T10:58:46.487+0000] {spark_submit.py:579} INFO - File "/home/***/.local/lib/python3.12/site-packages/pyspark/python/lib/pyspark.zip/pyspark/sql/readwriter.py", line 314, in load
[2024-09-27T10:58:46.495+0000] {spark_submit.py:579} INFO - File "/home/***/.local/lib/python3.12/site-packages/pyspark/python/lib/py4j-0.10.9.7-src.zip/py4j/java_gateway.py", line 1322, in __call__
[2024-09-27T10:58:46.496+0000] {spark_submit.py:579} INFO - File "/home/***/.local/lib/python3.12/site-packages/pyspark/python/lib/pyspark.zip/pyspark/errors/exceptions/captured.py", line 179, in deco
[2024-09-27T10:58:46.498+0000] {spark_submit.py:579} INFO - File "/home/***/.local/lib/python3.12/site-packages/pyspark/python/lib/py4j-0.10.9.7-src.zip/py4j/protocol.py", line 326, in get_return_value
[2024-09-27T10:58:46.506+0000] {spark_submit.py:579} INFO - py4j.protocol.Py4JJavaError: An error occurred while calling o36.load.
[2024-09-27T10:58:46.508+0000] {spark_submit.py:579} INFO - : java.lang.ClassNotFoundException: org.postgresql.Driver
[2024-09-27T10:58:46.510+0000] {spark_submit.py:579} INFO - at java.base/java.net.URLClassLoader.findClass(URLClassLoader.java:471)
[2024-09-27T10:58:46.511+0000] {spark_submit.py:579} INFO - at java.base/java.lang.ClassLoader.loadClass(ClassLoader.java:588)
[2024-09-27T10:58:46.511+0000] {spark_submit.py:579} INFO - at java.base/java.lang.ClassLoader.loadClass(ClassLoader.java:521)
[2024-09-27T10:58:46.512+0000] {spark_submit.py:579} INFO - at org.apache.spark.sql.execution.datasources.jdbc.DriverRegistry$.register(DriverRegistry.scala:46)
[2024-09-27T10:58:46.513+0000] {spark_submit.py:579} INFO - at org.apache.spark.sql.execution.datasources.jdbc.JDBCOptions.$anonfun$driverClass$1(JDBCOptions.scala:103)
[2024-09-27T10:58:46.514+0000] {spark_submit.py:579} INFO - at org.apache.spark.sql.execution.datasources.jdbc.JDBCOptions.$anonfun$driverClass$1$adapted(JDBCOptions.scala:103)
[2024-09-27T10:58:46.515+0000] {spark_submit.py:579} INFO - at scala.Option.foreach(Option.scala:407)
[2024-09-27T10:58:46.516+0000] {spark_submit.py:579} INFO - at org.apache.spark.sql.execution.datasources.jdbc.JDBCOptions.<init>(JDBCOptions.scala:103)
[2024-09-27T10:58:46.517+0000] {spark_submit.py:579} INFO - at org.apache.spark.sql.execution.datasources.jdbc.JDBCOptions.<init>(JDBCOptions.scala:41)
[2024-09-27T10:58:46.518+0000] {spark_submit.py:579} INFO - at org.apache.spark.sql.execution.datasources.jdbc.JdbcRelationProvider.createRelation(JdbcRelationProvider.scala:34)
[2024-09-27T10:58:46.519+0000] {spark_submit.py:579} INFO - at org.apache.spark.sql.execution.datasources.DataSource.resolveRelation(DataSource.scala:346)
[2024-09-27T10:58:46.520+0000] {spark_submit.py:579} INFO - at org.apache.spark.sql.DataFrameReader.loadV1Source(DataFrameReader.scala:229)
[2024-09-27T10:58:46.521+0000] {spark_submit.py:579} INFO - at org.apache.spark.sql.DataFrameReader.$anonfun$load$2(DataFrameReader.scala:211)
[2024-09-27T10:58:46.521+0000] {spark_submit.py:579} INFO - at scala.Option.getOrElse(Option.scala:189)
[2024-09-27T10:58:46.522+0000] {spark_submit.py:579} INFO - at org.apache.spark.sql.DataFrameReader.load(DataFrameReader.scala:211)
[2024-09-27T10:58:46.523+0000] {spark_submit.py:579} INFO - at org.apache.spark.sql.DataFrameReader.load(DataFrameReader.scala:172)
[2024-09-27T10:58:46.525+0000] {spark_submit.py:579} INFO - at java.base/jdk.internal.reflect.NativeMethodAccessorImpl.invoke0(Native Method)
[2024-09-27T10:58:46.526+0000] {spark_submit.py:579} INFO - at java.base/jdk.internal.reflect.NativeMethodAccessorImpl.invoke(NativeMethodAccessorImpl.java:62)
[2024-09-27T10:58:46.526+0000] {spark_submit.py:579} INFO - at java.base/jdk.internal.reflect.DelegatingMethodAccessorImpl.invoke(DelegatingMethodAccessorImpl.java:43)
[2024-09-27T10:58:46.527+0000] {spark_submit.py:579} INFO - at java.base/java.lang.reflect.Method.invoke(Method.java:566)
[2024-09-27T10:58:46.528+0000] {spark_submit.py:579} INFO - at py4j.reflection.MethodInvoker.invoke(MethodInvoker.java:244)
[2024-09-27T10:58:46.530+0000] {spark_submit.py:579} INFO - at py4j.reflection.ReflectionEngine.invoke(ReflectionEngine.java:374)
[2024-09-27T10:58:46.531+0000] {spark_submit.py:579} INFO - at py4j.Gateway.invoke(Gateway.java:282)
[2024-09-27T10:58:46.532+0000] {spark_submit.py:579} INFO - at py4j.commands.AbstractCommand.invokeMethod(AbstractCommand.java:132)
[2024-09-27T10:58:46.533+0000] {spark_submit.py:579} INFO - at py4j.commands.CallCommand.execute(CallCommand.java:79)
[2024-09-27T10:58:46.533+0000] {spark_submit.py:579} INFO - at py4j.ClientServerConnection.waitForCommands(ClientServerConnection.java:182)
[2024-09-27T10:58:46.534+0000] {spark_submit.py:579} INFO - at py4j.ClientServerConnection.run(ClientServerConnection.java:106)
[2024-09-27T10:58:46.535+0000] {spark_submit.py:579} INFO - at java.base/java.lang.Thread.run(Thread.java:834)
[2024-09-27T10:58:46.536+0000] {spark_submit.py:579} INFO - 
[2024-09-27T10:58:46.670+0000] {spark_submit.py:579} INFO - 24/09/27 10:58:46 INFO SparkContext: Invoking stop() from shutdown hook
[2024-09-27T10:58:46.673+0000] {spark_submit.py:579} INFO - 24/09/27 10:58:46 INFO SparkContext: SparkContext is stopping with exitCode 0.
[2024-09-27T10:58:46.723+0000] {spark_submit.py:579} INFO - 24/09/27 10:58:46 INFO SparkUI: Stopped Spark web UI at http://afb1a6b3c1a2:4040
[2024-09-27T10:58:46.745+0000] {spark_submit.py:579} INFO - 24/09/27 10:58:46 INFO StandaloneSchedulerBackend: Shutting down all executors
[2024-09-27T10:58:46.760+0000] {spark_submit.py:579} INFO - 24/09/27 10:58:46 INFO StandaloneSchedulerBackend$StandaloneDriverEndpoint: Asking each executor to shut down
[2024-09-27T10:58:46.879+0000] {spark_submit.py:579} INFO - 24/09/27 10:58:46 INFO MapOutputTrackerMasterEndpoint: MapOutputTrackerMasterEndpoint stopped!
[2024-09-27T10:58:47.068+0000] {spark_submit.py:579} INFO - 24/09/27 10:58:47 INFO MemoryStore: MemoryStore cleared
[2024-09-27T10:58:47.069+0000] {spark_submit.py:579} INFO - 24/09/27 10:58:47 INFO BlockManager: BlockManager stopped
[2024-09-27T10:58:47.098+0000] {spark_submit.py:579} INFO - 24/09/27 10:58:47 INFO BlockManagerMaster: BlockManagerMaster stopped
[2024-09-27T10:58:47.103+0000] {spark_submit.py:579} INFO - 24/09/27 10:58:47 INFO OutputCommitCoordinator$OutputCommitCoordinatorEndpoint: OutputCommitCoordinator stopped!
[2024-09-27T10:58:47.119+0000] {spark_submit.py:579} INFO - 24/09/27 10:58:47 INFO SparkContext: Successfully stopped SparkContext
[2024-09-27T10:58:47.120+0000] {spark_submit.py:579} INFO - 24/09/27 10:58:47 INFO ShutdownHookManager: Shutdown hook called
[2024-09-27T10:58:47.123+0000] {spark_submit.py:579} INFO - 24/09/27 10:58:47 INFO ShutdownHookManager: Deleting directory /tmp/spark-14fe65b1-7503-49d4-bf84-6835c69521c4/pyspark-d5ef0b8a-604b-4490-bb6e-99c54e60ca6f
[2024-09-27T10:58:47.128+0000] {spark_submit.py:579} INFO - 24/09/27 10:58:47 INFO ShutdownHookManager: Deleting directory /tmp/spark-14fe65b1-7503-49d4-bf84-6835c69521c4
[2024-09-27T10:58:47.135+0000] {spark_submit.py:579} INFO - 24/09/27 10:58:47 INFO ShutdownHookManager: Deleting directory /tmp/spark-d23cbea8-1f49-4a0a-a4f3-837079bec2a7
[2024-09-27T10:58:47.219+0000] {taskinstance.py:3310} ERROR - Task failed with exception
Traceback (most recent call last):
  File "/home/airflow/.local/lib/python3.12/site-packages/airflow/models/taskinstance.py", line 767, in _execute_task
    result = _execute_callable(context=context, **execute_callable_kwargs)
             ^^^^^^^^^^^^^^^^^^^^^^^^^^^^^^^^^^^^^^^^^^^^^^^^^^^^^^^^^^^^^
  File "/home/airflow/.local/lib/python3.12/site-packages/airflow/models/taskinstance.py", line 733, in _execute_callable
    return ExecutionCallableRunner(
           ^^^^^^^^^^^^^^^^^^^^^^^^
  File "/home/airflow/.local/lib/python3.12/site-packages/airflow/utils/operator_helpers.py", line 252, in run
    return self.func(*args, **kwargs)
           ^^^^^^^^^^^^^^^^^^^^^^^^^^
  File "/home/airflow/.local/lib/python3.12/site-packages/airflow/models/baseoperator.py", line 406, in wrapper
    return func(self, *args, **kwargs)
           ^^^^^^^^^^^^^^^^^^^^^^^^^^^
  File "/home/airflow/.local/lib/python3.12/site-packages/airflow/providers/apache/spark/operators/spark_submit.py", line 174, in execute
    self._hook.submit(self.application)
  File "/home/airflow/.local/lib/python3.12/site-packages/airflow/providers/apache/spark/hooks/spark_submit.py", line 505, in submit
    raise AirflowException(
airflow.exceptions.AirflowException: Cannot execute: spark-submit --master spark://spark-master:7077 --name arrow-spark --deploy-mode client jobs/python/clear_data.py. Error code is: 1.
[2024-09-27T10:58:47.235+0000] {taskinstance.py:1225} INFO - Marking task as FAILED. dag_id=sparking_flow, task_id=clear_data, run_id=manual__2024-09-27T10:58:26.838989+00:00, execution_date=20240927T105826, start_date=20240927T105832, end_date=20240927T105847
[2024-09-27T10:58:47.264+0000] {taskinstance.py:340} INFO - ::group::Post task execution logs
[2024-09-27T10:58:47.265+0000] {standard_task_runner.py:124} ERROR - Failed to execute job 68 for task clear_data (Cannot execute: spark-submit --master spark://spark-master:7077 --name arrow-spark --deploy-mode client jobs/python/clear_data.py. Error code is: 1.; 74)
Traceback (most recent call last):
  File "/home/airflow/.local/lib/python3.12/site-packages/airflow/task/task_runner/standard_task_runner.py", line 117, in _start_by_fork
    ret = args.func(args, dag=self.dag)
          ^^^^^^^^^^^^^^^^^^^^^^^^^^^^^
  File "/home/airflow/.local/lib/python3.12/site-packages/airflow/cli/cli_config.py", line 49, in command
    return func(*args, **kwargs)
           ^^^^^^^^^^^^^^^^^^^^^
  File "/home/airflow/.local/lib/python3.12/site-packages/airflow/utils/cli.py", line 115, in wrapper
    return f(*args, **kwargs)
           ^^^^^^^^^^^^^^^^^^
  File "/home/airflow/.local/lib/python3.12/site-packages/airflow/cli/commands/task_command.py", line 483, in task_run
    task_return_code = _run_task_by_selected_method(args, _dag, ti)
                       ^^^^^^^^^^^^^^^^^^^^^^^^^^^^^^^^^^^^^^^^^^^^
  File "/home/airflow/.local/lib/python3.12/site-packages/airflow/cli/commands/task_command.py", line 256, in _run_task_by_selected_method
    return _run_raw_task(args, ti)
           ^^^^^^^^^^^^^^^^^^^^^^^
  File "/home/airflow/.local/lib/python3.12/site-packages/airflow/cli/commands/task_command.py", line 341, in _run_raw_task
    return ti._run_raw_task(
           ^^^^^^^^^^^^^^^^^
  File "/home/airflow/.local/lib/python3.12/site-packages/airflow/utils/session.py", line 97, in wrapper
    return func(*args, session=session, **kwargs)
           ^^^^^^^^^^^^^^^^^^^^^^^^^^^^^^^^^^^^^^
  File "/home/airflow/.local/lib/python3.12/site-packages/airflow/models/taskinstance.py", line 3004, in _run_raw_task
    return _run_raw_task(
           ^^^^^^^^^^^^^^
  File "/home/airflow/.local/lib/python3.12/site-packages/airflow/models/taskinstance.py", line 273, in _run_raw_task
    TaskInstance._execute_task_with_callbacks(
  File "/home/airflow/.local/lib/python3.12/site-packages/airflow/models/taskinstance.py", line 3158, in _execute_task_with_callbacks
    result = self._execute_task(context, task_orig)
             ^^^^^^^^^^^^^^^^^^^^^^^^^^^^^^^^^^^^^^
  File "/home/airflow/.local/lib/python3.12/site-packages/airflow/models/taskinstance.py", line 3182, in _execute_task
    return _execute_task(self, context, task_orig)
           ^^^^^^^^^^^^^^^^^^^^^^^^^^^^^^^^^^^^^^^
  File "/home/airflow/.local/lib/python3.12/site-packages/airflow/models/taskinstance.py", line 767, in _execute_task
    result = _execute_callable(context=context, **execute_callable_kwargs)
             ^^^^^^^^^^^^^^^^^^^^^^^^^^^^^^^^^^^^^^^^^^^^^^^^^^^^^^^^^^^^^
  File "/home/airflow/.local/lib/python3.12/site-packages/airflow/models/taskinstance.py", line 733, in _execute_callable
    return ExecutionCallableRunner(
           ^^^^^^^^^^^^^^^^^^^^^^^^
  File "/home/airflow/.local/lib/python3.12/site-packages/airflow/utils/operator_helpers.py", line 252, in run
    return self.func(*args, **kwargs)
           ^^^^^^^^^^^^^^^^^^^^^^^^^^
  File "/home/airflow/.local/lib/python3.12/site-packages/airflow/models/baseoperator.py", line 406, in wrapper
    return func(self, *args, **kwargs)
           ^^^^^^^^^^^^^^^^^^^^^^^^^^^
  File "/home/airflow/.local/lib/python3.12/site-packages/airflow/providers/apache/spark/operators/spark_submit.py", line 174, in execute
    self._hook.submit(self.application)
  File "/home/airflow/.local/lib/python3.12/site-packages/airflow/providers/apache/spark/hooks/spark_submit.py", line 505, in submit
    raise AirflowException(
airflow.exceptions.AirflowException: Cannot execute: spark-submit --master spark://spark-master:7077 --name arrow-spark --deploy-mode client jobs/python/clear_data.py. Error code is: 1.
[2024-09-27T10:58:47.318+0000] {local_task_job_runner.py:266} INFO - Task exited with return code 1
[2024-09-27T10:58:47.342+0000] {taskinstance.py:3900} INFO - 0 downstream tasks scheduled from follow-on schedule check
[2024-09-27T10:58:47.346+0000] {local_task_job_runner.py:245} INFO - ::endgroup::
