[2024-09-27T11:56:38.766+0000] {local_task_job_runner.py:123} INFO - ::group::Pre task execution logs
[2024-09-27T11:56:38.808+0000] {taskinstance.py:2612} INFO - Dependencies all met for dep_context=non-requeueable deps ti=<TaskInstance: sparking_flow.start manual__2024-09-27T11:56:36.878852+00:00 [queued]>
[2024-09-27T11:56:38.830+0000] {taskinstance.py:2612} INFO - Dependencies all met for dep_context=requeueable deps ti=<TaskInstance: sparking_flow.start manual__2024-09-27T11:56:36.878852+00:00 [queued]>
[2024-09-27T11:56:38.832+0000] {taskinstance.py:2865} INFO - Starting attempt 1 of 1
[2024-09-27T11:56:38.854+0000] {taskinstance.py:2888} INFO - Executing <Task(PythonOperator): start> on 2024-09-27 11:56:36.878852+00:00
[2024-09-27T11:56:38.863+0000] {standard_task_runner.py:104} INFO - Running: ['***', 'tasks', 'run', 'sparking_flow', 'start', 'manual__2024-09-27T11:56:36.878852+00:00', '--job-id', '84', '--raw', '--subdir', 'DAGS_FOLDER/spark_***.py', '--cfg-path', '/tmp/tmpyyoqegpp']
[2024-09-27T11:56:38.865+0000] {standard_task_runner.py:105} INFO - Job 84: Subtask start
[2024-09-27T11:56:38.864+0000] {warnings.py:112} WARNING - /home/***/.local/lib/python3.12/site-packages/***/task/task_runner/standard_task_runner.py:70: DeprecationWarning: This process (pid=285) is multi-threaded, use of fork() may lead to deadlocks in the child.
  pid = os.fork()

[2024-09-27T11:56:38.866+0000] {standard_task_runner.py:72} INFO - Started process 286 to run task
[2024-09-27T11:56:38.939+0000] {task_command.py:467} INFO - Running <TaskInstance: sparking_flow.start manual__2024-09-27T11:56:36.878852+00:00 [running]> on host afb1a6b3c1a2
[2024-09-27T11:56:39.063+0000] {taskinstance.py:3131} INFO - Exporting env vars: AIRFLOW_CTX_DAG_OWNER='***' AIRFLOW_CTX_DAG_ID='sparking_flow' AIRFLOW_CTX_TASK_ID='start' AIRFLOW_CTX_EXECUTION_DATE='2024-09-27T11:56:36.878852+00:00' AIRFLOW_CTX_TRY_NUMBER='1' AIRFLOW_CTX_DAG_RUN_ID='manual__2024-09-27T11:56:36.878852+00:00'
[2024-09-27T11:56:39.065+0000] {taskinstance.py:731} INFO - ::endgroup::
[2024-09-27T11:56:41.211+0000] {python.py:240} INFO - Done. Returned value was: None
[2024-09-27T11:56:41.902+0000] {taskinstance.py:340} INFO - ::group::Post task execution logs
[2024-09-27T11:56:41.929+0000] {taskinstance.py:352} INFO - Marking task as SUCCESS. dag_id=sparking_flow, task_id=start, run_id=manual__2024-09-27T11:56:36.878852+00:00, execution_date=20240927T115636, start_date=20240927T115638, end_date=20240927T115641
[2024-09-27T11:56:42.030+0000] {local_task_job_runner.py:266} INFO - Task exited with return code 0
[2024-09-27T11:56:43.778+0000] {warnings.py:112} WARNING - /home/***/.local/lib/python3.12/site-packages/***/models/baseoperator.py:1378: AirflowProviderDeprecationWarning: Call to deprecated class PostgresOperator. (Please use `***.providers.common.sql.operators.sql.SQLExecuteQueryOperator`.Also, you can provide `hook_params={'schema': <database>}`.)
  result = cls.__new__(cls)

[2024-09-27T11:56:43.821+0000] {taskinstance.py:3900} INFO - 0 downstream tasks scheduled from follow-on schedule check
[2024-09-27T11:56:43.827+0000] {local_task_job_runner.py:245} INFO - ::endgroup::
